<?xml version="1.0" encoding="UTF-8"?>
<!-- Generated by org.testng.reporters.JUnitXMLReporter -->
<testsuite hostname="LSPL309-PC" name="Chrome_test" tests="20" failures="0" timestamp="19 Dec 2019 12:36:06 GMT" time="205.489" errors="0">
  <testcase name="ExecuteTest" time="0.227" classname="com.testcases.driverscripts.Execute_MainScript">
    <skipped/>
  </testcase> <!-- ExecuteTest -->
  <testcase name="ExecuteTest" time="0.023" classname="com.testcases.driverscripts.Execute_MainScript">
    <skipped/>
  </testcase> <!-- ExecuteTest -->
  <testcase name="ExecuteTest" time="0.024" classname="com.testcases.driverscripts.Execute_MainScript">
    <skipped/>
  </testcase> <!-- ExecuteTest -->
  <testcase name="ExecuteTest" time="0.028" classname="com.testcases.driverscripts.Execute_MainScript">
    <skipped/>
  </testcase> <!-- ExecuteTest -->
  <testcase name="ExecuteTest" time="0.02" classname="com.testcases.driverscripts.Execute_MainScript">
    <skipped/>
  </testcase> <!-- ExecuteTest -->
  <testcase name="ExecuteTest" time="0.029" classname="com.testcases.driverscripts.Execute_MainScript">
    <skipped/>
  </testcase> <!-- ExecuteTest -->
  <testcase name="ExecuteTest" time="0.025" classname="com.testcases.driverscripts.Execute_MainScript">
    <skipped/>
  </testcase> <!-- ExecuteTest -->
  <testcase name="ExecuteTest" time="0.025" classname="com.testcases.driverscripts.Execute_MainScript">
    <skipped/>
  </testcase> <!-- ExecuteTest -->
  <testcase name="ExecuteTest" time="0.025" classname="com.testcases.driverscripts.Execute_MainScript">
    <skipped/>
  </testcase> <!-- ExecuteTest -->
  <testcase name="ExecuteTest" time="0.026" classname="com.testcases.driverscripts.Execute_MainScript">
    <skipped/>
  </testcase> <!-- ExecuteTest -->
  <testcase name="ExecuteTest" time="0.022" classname="com.testcases.driverscripts.Execute_MainScript">
    <skipped/>
  </testcase> <!-- ExecuteTest -->
  <testcase name="ExecuteTest" time="0.024" classname="com.testcases.driverscripts.Execute_MainScript">
    <skipped/>
  </testcase> <!-- ExecuteTest -->
  <testcase name="ExecuteTest" time="0.02" classname="com.testcases.driverscripts.Execute_MainScript">
    <skipped/>
  </testcase> <!-- ExecuteTest -->
  <testcase name="ExecuteTest" time="0.019" classname="com.testcases.driverscripts.Execute_MainScript">
    <skipped/>
  </testcase> <!-- ExecuteTest -->
  <testcase name="ExecuteTest" time="0.021" classname="com.testcases.driverscripts.Execute_MainScript">
    <skipped/>
  </testcase> <!-- ExecuteTest -->
  <testcase name="ExecuteTest" time="198.227" classname="com.testcases.driverscripts.Execute_MainScript"/>
  <testcase name="ExecuteTest" time="0.017" classname="com.testcases.driverscripts.Execute_MainScript">
    <skipped/>
  </testcase> <!-- ExecuteTest -->
  <testcase name="ExecuteTest" time="0.024" classname="com.testcases.driverscripts.Execute_MainScript">
    <skipped/>
  </testcase> <!-- ExecuteTest -->
  <testcase name="ExecuteTest" time="0.02" classname="com.testcases.driverscripts.Execute_MainScript">
    <skipped/>
  </testcase> <!-- ExecuteTest -->
  <testcase name="ExecuteTest" time="0.016" classname="com.testcases.driverscripts.Execute_MainScript">
    <skipped/>
  </testcase> <!-- ExecuteTest -->
</testsuite> <!-- Chrome_test -->
