<?xml version="1.0" encoding="UTF-8"?>
<testng-results skipped="0" failed="1" total="19" passed="18">
  <reporter-output>
  </reporter-output>
  <suite name="Suite" duration-ms="2603270" started-at="2019-11-18T07:52:28Z" finished-at="2019-11-18T08:35:51Z">
    <groups>
    </groups>
    <test name="Chrome_test" duration-ms="2603270" started-at="2019-11-18T07:52:28Z" finished-at="2019-11-18T08:35:51Z">
      <class name="com.testcases.driverscripts.Execute_MainScript">
        <test-method status="PASS" signature="Pre_requisite()[pri:0, instance:com.testcases.driverscripts.Execute_MainScript@3cef309d]" name="Pre_requisite" is-config="true" duration-ms="190" started-at="2019-11-18T13:22:28Z" finished-at="2019-11-18T13:22:28Z">
          <reporter-output>
          </reporter-output>
        </test-method> <!-- Pre_requisite -->
        <test-method status="PASS" signature="EnvSetup(java.lang.String, java.lang.String, java.lang.String, int, int)[pri:0, instance:com.testcases.driverscripts.Execute_MainScript@3cef309d]" name="EnvSetup" is-config="true" duration-ms="9800" started-at="2019-11-18T13:22:28Z" finished-at="2019-11-18T13:22:38Z">
          <params>
            <param index="0">
              <value>
                <![CDATA[chrome]]>
              </value>
            </param>
            <param index="1">
              <value>
                <![CDATA[Desktop]]>
              </value>
            </param>
            <param index="2">
              <value>
                <![CDATA[iphone X]]>
              </value>
            </param>
            <param index="3">
              <value>
                <![CDATA[812]]>
              </value>
            </param>
            <param index="4">
              <value>
                <![CDATA[375]]>
              </value>
            </param>
          </params>
          <reporter-output>
          </reporter-output>
        </test-method> <!-- EnvSetup -->
        <test-method status="PASS" signature="ExecuteTest(java.lang.String, java.lang.String, java.lang.String, java.lang.String, java.lang.String, java.lang.String)[pri:1, instance:com.testcases.driverscripts.Execute_MainScript@3cef309d]" name="ExecuteTest" duration-ms="36439" started-at="2019-11-18T13:22:38Z" data-provider="Fetch_Master_data" finished-at="2019-11-18T13:23:15Z">
          <params>
            <param index="0">
              <value>
                <![CDATA[ALL_PAGES]]>
              </value>
            </param>
            <param index="1">
              <value>
                <![CDATA[END_TO_END]]>
              </value>
            </param>
            <param index="2">
              <value>
                <![CDATA[TC01_Verify_Navigations]]>
              </value>
            </param>
            <param index="3">
              <value>
                <![CDATA[Verify Navigations]]>
              </value>
            </param>
            <param index="4">
              <value>
                <![CDATA[Yes]]>
              </value>
            </param>
            <param index="5">
              <value>
                <![CDATA[High]]>
              </value>
            </param>
          </params>
          <reporter-output>
          </reporter-output>
        </test-method> <!-- ExecuteTest -->
        <test-method status="PASS" signature="TestResults(org.testng.ITestResult)[pri:0, instance:com.testcases.driverscripts.Execute_MainScript@3cef309d]" name="TestResults" is-config="true" duration-ms="7" started-at="2019-11-18T13:23:15Z" finished-at="2019-11-18T13:23:15Z">
          <params>
            <param index="0">
              <value>
                <![CDATA[[TestResult name=ExecuteTest status=SUCCESS method=Execute_MainScript.ExecuteTest(java.lang.String, java.lang.String, java.lang.String, java.lang.String, java.lang.String, java.lang.String)[pri:1, instance:com.testcases.driverscripts.Execute_MainScript@3cef309d] output={null}]]]>
              </value>
            </param>
          </params>
          <reporter-output>
          </reporter-output>
        </test-method> <!-- TestResults -->
        <test-method status="PASS" signature="ExecuteTest(java.lang.String, java.lang.String, java.lang.String, java.lang.String, java.lang.String, java.lang.String)[pri:1, instance:com.testcases.driverscripts.Execute_MainScript@3cef309d]" name="ExecuteTest" duration-ms="111875" started-at="2019-11-18T13:23:15Z" data-provider="Fetch_Master_data" finished-at="2019-11-18T13:25:06Z">
          <params>
            <param index="0">
              <value>
                <![CDATA[ALL_PAGES]]>
              </value>
            </param>
            <param index="1">
              <value>
                <![CDATA[END_TO_END]]>
              </value>
            </param>
            <param index="2">
              <value>
                <![CDATA[TC02_PLP_Check]]>
              </value>
            </param>
            <param index="3">
              <value>
                <![CDATA[Product Listing page - facet / filters / images / PDP navigation]]>
              </value>
            </param>
            <param index="4">
              <value>
                <![CDATA[Yes]]>
              </value>
            </param>
            <param index="5">
              <value>
                <![CDATA[High]]>
              </value>
            </param>
          </params>
          <reporter-output>
          </reporter-output>
        </test-method> <!-- ExecuteTest -->
        <test-method status="FAIL" signature="ExecuteTest(java.lang.String, java.lang.String, java.lang.String, java.lang.String, java.lang.String, java.lang.String)[pri:1, instance:com.testcases.driverscripts.Execute_MainScript@3cef309d]" name="ExecuteTest" duration-ms="300077" started-at="2019-11-18T13:25:06Z" data-provider="Fetch_Master_data" finished-at="2019-11-18T13:30:07Z">
          <params>
            <param index="0">
              <value>
                <![CDATA[ALL_PAGES]]>
              </value>
            </param>
            <param index="1">
              <value>
                <![CDATA[END_TO_END]]>
              </value>
            </param>
            <param index="2">
              <value>
                <![CDATA[TC03_PDP_Check]]>
              </value>
            </param>
            <param index="3">
              <value>
                <![CDATA[PDP - Normal checks (ship to home / store pick up )]]>
              </value>
            </param>
            <param index="4">
              <value>
                <![CDATA[Yes]]>
              </value>
            </param>
            <param index="5">
              <value>
                <![CDATA[High]]>
              </value>
            </param>
          </params>
          <exception class="org.openqa.selenium.NoSuchElementException">
            <message>
              <![CDATA[no such element: Unable to locate element: {"method":"xpath","selector":"//*[@id='atg_store_container']/header/div[2]/div/div[4]/div/div/a/span"}
  (Session info: chrome=78.0.3904.97)
  (Driver info: chromedriver=2.44.609538 (b655c5a60b0b544917107a59d4153d4bf78e1b90),platform=Windows NT 10.0.18362 x86_64) (WARNING: The server did not provide any stacktrace information)
Command duration or timeout: 0 milliseconds
For documentation on this error, please visit: http://seleniumhq.org/exceptions/no_such_element.html
Build info: version: 'unknown', revision: 'unknown', time: 'unknown'
System info: host: 'LSPL309-PC', ip: '192.168.15.129', os.name: 'Windows 10', os.arch: 'amd64', os.version: '10.0', java.version: '1.8.0_101'
Driver info: org.openqa.selenium.chrome.ChromeDriver
Capabilities [{mobileEmulationEnabled=false, hasTouchScreen=false, platform=XP, acceptSslCerts=false, goog:chromeOptions={debuggerAddress=localhost:59700}, acceptInsecureCerts=false, webStorageEnabled=true, browserName=chrome, takesScreenshot=true, javascriptEnabled=true, setWindowRect=true, unexpectedAlertBehaviour=ignore, applicationCacheEnabled=false, rotatable=false, networkConnectionEnabled=false, chrome={chromedriverVersion=2.44.609538 (b655c5a60b0b544917107a59d4153d4bf78e1b90), userDataDir=C:\Users\LSPL309\AppData\Local\Temp\scoped_dir14888_26859}, takesHeapSnapshot=true, pageLoadStrategy=normal, unhandledPromptBehavior=ignore, databaseEnabled=false, handlesAlerts=true, version=78.0.3904.97, browserConnectionEnabled=false, nativeEvents=true, locationContextEnabled=true, cssSelectorsEnabled=true}]
Session ID: 768f7a527b35017be69c0640e1022a68
*** Element info: {Using=xpath, value=//*[@id='atg_store_container']/header/div[2]/div/div[4]/div/div/a/span}]]>
            </message>
            <full-stacktrace>
              <![CDATA[org.openqa.selenium.NoSuchElementException: no such element: Unable to locate element: {"method":"xpath","selector":"//*[@id='atg_store_container']/header/div[2]/div/div[4]/div/div/a/span"}
  (Session info: chrome=78.0.3904.97)
  (Driver info: chromedriver=2.44.609538 (b655c5a60b0b544917107a59d4153d4bf78e1b90),platform=Windows NT 10.0.18362 x86_64) (WARNING: The server did not provide any stacktrace information)
Command duration or timeout: 0 milliseconds
For documentation on this error, please visit: http://seleniumhq.org/exceptions/no_such_element.html
Build info: version: 'unknown', revision: 'unknown', time: 'unknown'
System info: host: 'LSPL309-PC', ip: '192.168.15.129', os.name: 'Windows 10', os.arch: 'amd64', os.version: '10.0', java.version: '1.8.0_101'
Driver info: org.openqa.selenium.chrome.ChromeDriver
Capabilities [{mobileEmulationEnabled=false, hasTouchScreen=false, platform=XP, acceptSslCerts=false, goog:chromeOptions={debuggerAddress=localhost:59700}, acceptInsecureCerts=false, webStorageEnabled=true, browserName=chrome, takesScreenshot=true, javascriptEnabled=true, setWindowRect=true, unexpectedAlertBehaviour=ignore, applicationCacheEnabled=false, rotatable=false, networkConnectionEnabled=false, chrome={chromedriverVersion=2.44.609538 (b655c5a60b0b544917107a59d4153d4bf78e1b90), userDataDir=C:\Users\LSPL309\AppData\Local\Temp\scoped_dir14888_26859}, takesHeapSnapshot=true, pageLoadStrategy=normal, unhandledPromptBehavior=ignore, databaseEnabled=false, handlesAlerts=true, version=78.0.3904.97, browserConnectionEnabled=false, nativeEvents=true, locationContextEnabled=true, cssSelectorsEnabled=true}]
Session ID: 768f7a527b35017be69c0640e1022a68
*** Element info: {Using=xpath, value=//*[@id='atg_store_container']/header/div[2]/div/div[4]/div/div/a/span}
	at sun.reflect.NativeConstructorAccessorImpl.newInstance0(Native Method)
	at sun.reflect.NativeConstructorAccessorImpl.newInstance(Unknown Source)
	at sun.reflect.DelegatingConstructorAccessorImpl.newInstance(Unknown Source)
	at java.lang.reflect.Constructor.newInstance(Unknown Source)
	at org.openqa.selenium.remote.ErrorHandler.createThrowable(ErrorHandler.java:215)
	at org.openqa.selenium.remote.ErrorHandler.throwIfResponseFailed(ErrorHandler.java:167)
	at org.openqa.selenium.remote.http.JsonHttpResponseCodec.reconstructValue(JsonHttpResponseCodec.java:40)
	at org.openqa.selenium.remote.http.AbstractHttpResponseCodec.decode(AbstractHttpResponseCodec.java:82)
	at org.openqa.selenium.remote.http.AbstractHttpResponseCodec.decode(AbstractHttpResponseCodec.java:45)
	at org.openqa.selenium.remote.HttpCommandExecutor.execute(HttpCommandExecutor.java:164)
	at org.openqa.selenium.remote.service.DriverCommandExecutor.execute(DriverCommandExecutor.java:82)
	at org.openqa.selenium.remote.RemoteWebDriver.execute(RemoteWebDriver.java:641)
	at org.openqa.selenium.remote.RemoteWebDriver.findElement(RemoteWebDriver.java:414)
	at org.openqa.selenium.remote.RemoteWebDriver.findElementByXPath(RemoteWebDriver.java:513)
	at org.openqa.selenium.By$ByXPath.findElement(By.java:361)
	at org.openqa.selenium.remote.RemoteWebDriver.findElement(RemoteWebDriver.java:406)
	at com.testcases.driverscripts.Execute_MainScript.ExecuteTest(Execute_MainScript.java:286)
	at sun.reflect.NativeMethodAccessorImpl.invoke0(Native Method)
	at sun.reflect.NativeMethodAccessorImpl.invoke(Unknown Source)
	at sun.reflect.DelegatingMethodAccessorImpl.invoke(Unknown Source)
	at java.lang.reflect.Method.invoke(Unknown Source)
	at org.testng.internal.MethodInvocationHelper.invokeMethod(MethodInvocationHelper.java:86)
	at org.testng.internal.Invoker.invokeMethod(Invoker.java:643)
	at org.testng.internal.Invoker.invokeTestMethod(Invoker.java:820)
	at org.testng.internal.Invoker.invokeTestMethods(Invoker.java:1128)
	at org.testng.internal.TestMethodWorker.invokeTestMethods(TestMethodWorker.java:129)
	at org.testng.internal.TestMethodWorker.run(TestMethodWorker.java:112)
	at org.testng.TestRunner.privateRun(TestRunner.java:782)
	at org.testng.TestRunner.run(TestRunner.java:632)
	at org.testng.SuiteRunner.runTest(SuiteRunner.java:366)
	at org.testng.SuiteRunner.runSequentially(SuiteRunner.java:361)
	at org.testng.SuiteRunner.privateRun(SuiteRunner.java:319)
	at org.testng.SuiteRunner.run(SuiteRunner.java:268)
	at org.testng.SuiteRunnerWorker.runSuite(SuiteRunnerWorker.java:52)
	at org.testng.SuiteRunnerWorker.run(SuiteRunnerWorker.java:86)
	at org.testng.TestNG.runSuitesSequentially(TestNG.java:1244)
	at org.testng.TestNG.runSuitesLocally(TestNG.java:1169)
	at org.testng.TestNG.run(TestNG.java:1064)
	at org.testng.remote.AbstractRemoteTestNG.run(AbstractRemoteTestNG.java:114)
	at org.testng.remote.RemoteTestNG.initAndRun(RemoteTestNG.java:251)
	at org.testng.remote.RemoteTestNG.main(RemoteTestNG.java:77)
]]>
            </full-stacktrace>
          </exception> <!-- org.openqa.selenium.NoSuchElementException -->
          <reporter-output>
          </reporter-output>
        </test-method> <!-- ExecuteTest -->
        <test-method status="PASS" signature="TestResults(org.testng.ITestResult)[pri:0, instance:com.testcases.driverscripts.Execute_MainScript@3cef309d]" name="TestResults" is-config="true" duration-ms="0" started-at="2019-11-18T13:25:06Z" finished-at="2019-11-18T13:25:06Z">
          <params>
            <param index="0">
              <value>
                <![CDATA[[TestResult name=ExecuteTest status=SUCCESS method=Execute_MainScript.ExecuteTest(java.lang.String, java.lang.String, java.lang.String, java.lang.String, java.lang.String, java.lang.String)[pri:1, instance:com.testcases.driverscripts.Execute_MainScript@3cef309d] output={null}]]]>
              </value>
            </param>
          </params>
          <reporter-output>
          </reporter-output>
        </test-method> <!-- TestResults -->
        <test-method status="PASS" signature="TestResults(org.testng.ITestResult)[pri:0, instance:com.testcases.driverscripts.Execute_MainScript@3cef309d]" name="TestResults" is-config="true" duration-ms="0" started-at="2019-11-18T13:30:07Z" finished-at="2019-11-18T13:30:07Z">
          <params>
            <param index="0">
              <value>
                <![CDATA[[TestResult name=ExecuteTest status=FAILURE method=Execute_MainScript.ExecuteTest(java.lang.String, java.lang.String, java.lang.String, java.lang.String, java.lang.String, java.lang.String)[pri:1, instance:com.testcases.driverscripts.Execute_MainScript@3cef309d] output={null}]]]>
              </value>
            </param>
          </params>
          <reporter-output>
          </reporter-output>
        </test-method> <!-- TestResults -->
        <test-method status="PASS" signature="ExecuteTest(java.lang.String, java.lang.String, java.lang.String, java.lang.String, java.lang.String, java.lang.String)[pri:1, instance:com.testcases.driverscripts.Execute_MainScript@3cef309d]" name="ExecuteTest" duration-ms="87447" started-at="2019-11-18T13:30:07Z" data-provider="Fetch_Master_data" finished-at="2019-11-18T13:31:34Z">
          <params>
            <param index="0">
              <value>
                <![CDATA[ALL_PAGES]]>
              </value>
            </param>
            <param index="1">
              <value>
                <![CDATA[END_TO_END]]>
              </value>
            </param>
            <param index="2">
              <value>
                <![CDATA[TC04_Product_Comparision]]>
              </value>
            </param>
            <param index="3">
              <value>
                <![CDATA[Verify Product Comparision]]>
              </value>
            </param>
            <param index="4">
              <value>
                <![CDATA[Yes]]>
              </value>
            </param>
            <param index="5">
              <value>
                <![CDATA[High]]>
              </value>
            </param>
          </params>
          <reporter-output>
          </reporter-output>
        </test-method> <!-- ExecuteTest -->
        <test-method status="PASS" signature="TestResults(org.testng.ITestResult)[pri:0, instance:com.testcases.driverscripts.Execute_MainScript@3cef309d]" name="TestResults" is-config="true" duration-ms="1" started-at="2019-11-18T13:31:34Z" finished-at="2019-11-18T13:31:34Z">
          <params>
            <param index="0">
              <value>
                <![CDATA[[TestResult name=ExecuteTest status=SUCCESS method=Execute_MainScript.ExecuteTest(java.lang.String, java.lang.String, java.lang.String, java.lang.String, java.lang.String, java.lang.String)[pri:1, instance:com.testcases.driverscripts.Execute_MainScript@3cef309d] output={null}]]]>
              </value>
            </param>
          </params>
          <reporter-output>
          </reporter-output>
        </test-method> <!-- TestResults -->
        <test-method status="PASS" signature="ExecuteTest(java.lang.String, java.lang.String, java.lang.String, java.lang.String, java.lang.String, java.lang.String)[pri:1, instance:com.testcases.driverscripts.Execute_MainScript@3cef309d]" name="ExecuteTest" duration-ms="32099" started-at="2019-11-18T13:31:34Z" data-provider="Fetch_Master_data" finished-at="2019-11-18T13:32:06Z">
          <params>
            <param index="0">
              <value>
                <![CDATA[ALL_PAGES]]>
              </value>
            </param>
            <param index="1">
              <value>
                <![CDATA[END_TO_END]]>
              </value>
            </param>
            <param index="2">
              <value>
                <![CDATA[TC05_Verify_login]]>
              </value>
            </param>
            <param index="3">
              <value>
                <![CDATA[Verify Login]]>
              </value>
            </param>
            <param index="4">
              <value>
                <![CDATA[Yes]]>
              </value>
            </param>
            <param index="5">
              <value>
                <![CDATA[High]]>
              </value>
            </param>
          </params>
          <reporter-output>
          </reporter-output>
        </test-method> <!-- ExecuteTest -->
        <test-method status="PASS" signature="TestResults(org.testng.ITestResult)[pri:0, instance:com.testcases.driverscripts.Execute_MainScript@3cef309d]" name="TestResults" is-config="true" duration-ms="1" started-at="2019-11-18T13:32:06Z" finished-at="2019-11-18T13:32:06Z">
          <params>
            <param index="0">
              <value>
                <![CDATA[[TestResult name=ExecuteTest status=SUCCESS method=Execute_MainScript.ExecuteTest(java.lang.String, java.lang.String, java.lang.String, java.lang.String, java.lang.String, java.lang.String)[pri:1, instance:com.testcases.driverscripts.Execute_MainScript@3cef309d] output={null}]]]>
              </value>
            </param>
          </params>
          <reporter-output>
          </reporter-output>
        </test-method> <!-- TestResults -->
        <test-method status="PASS" signature="ExecuteTest(java.lang.String, java.lang.String, java.lang.String, java.lang.String, java.lang.String, java.lang.String)[pri:1, instance:com.testcases.driverscripts.Execute_MainScript@3cef309d]" name="ExecuteTest" duration-ms="29315" started-at="2019-11-18T13:32:06Z" data-provider="Fetch_Master_data" finished-at="2019-11-18T13:32:35Z">
          <params>
            <param index="0">
              <value>
                <![CDATA[ALL_PAGES]]>
              </value>
            </param>
            <param index="1">
              <value>
                <![CDATA[END_TO_END]]>
              </value>
            </param>
            <param index="2">
              <value>
                <![CDATA[TC06_Verify_Store_Locator]]>
              </value>
            </param>
            <param index="3">
              <value>
                <![CDATA[Verify Store Locator]]>
              </value>
            </param>
            <param index="4">
              <value>
                <![CDATA[Yes]]>
              </value>
            </param>
            <param index="5">
              <value>
                <![CDATA[High]]>
              </value>
            </param>
          </params>
          <reporter-output>
          </reporter-output>
        </test-method> <!-- ExecuteTest -->
        <test-method status="PASS" signature="TestResults(org.testng.ITestResult)[pri:0, instance:com.testcases.driverscripts.Execute_MainScript@3cef309d]" name="TestResults" is-config="true" duration-ms="0" started-at="2019-11-18T13:32:35Z" finished-at="2019-11-18T13:32:35Z">
          <params>
            <param index="0">
              <value>
                <![CDATA[[TestResult name=ExecuteTest status=SUCCESS method=Execute_MainScript.ExecuteTest(java.lang.String, java.lang.String, java.lang.String, java.lang.String, java.lang.String, java.lang.String)[pri:1, instance:com.testcases.driverscripts.Execute_MainScript@3cef309d] output={null}]]]>
              </value>
            </param>
          </params>
          <reporter-output>
          </reporter-output>
        </test-method> <!-- TestResults -->
        <test-method status="PASS" signature="ExecuteTest(java.lang.String, java.lang.String, java.lang.String, java.lang.String, java.lang.String, java.lang.String)[pri:1, instance:com.testcases.driverscripts.Execute_MainScript@3cef309d]" name="ExecuteTest" duration-ms="143632" started-at="2019-11-18T13:32:35Z" data-provider="Fetch_Master_data" finished-at="2019-11-18T13:34:59Z">
          <params>
            <param index="0">
              <value>
                <![CDATA[ALL_PAGES]]>
              </value>
            </param>
            <param index="1">
              <value>
                <![CDATA[END_TO_END]]>
              </value>
            </param>
            <param index="2">
              <value>
                <![CDATA[TC07_Verify_MyaccountSection_1]]>
              </value>
            </param>
            <param index="3">
              <value>
                <![CDATA[Verify options present in MYAccount Section - Order history , Credit card & Subscriptions]]>
              </value>
            </param>
            <param index="4">
              <value>
                <![CDATA[Yes]]>
              </value>
            </param>
            <param index="5">
              <value>
                <![CDATA[High]]>
              </value>
            </param>
          </params>
          <reporter-output>
          </reporter-output>
        </test-method> <!-- ExecuteTest -->
        <test-method status="PASS" signature="TestResults(org.testng.ITestResult)[pri:0, instance:com.testcases.driverscripts.Execute_MainScript@3cef309d]" name="TestResults" is-config="true" duration-ms="0" started-at="2019-11-18T13:34:59Z" finished-at="2019-11-18T13:34:59Z">
          <params>
            <param index="0">
              <value>
                <![CDATA[[TestResult name=ExecuteTest status=SUCCESS method=Execute_MainScript.ExecuteTest(java.lang.String, java.lang.String, java.lang.String, java.lang.String, java.lang.String, java.lang.String)[pri:1, instance:com.testcases.driverscripts.Execute_MainScript@3cef309d] output={null}]]]>
              </value>
            </param>
          </params>
          <reporter-output>
          </reporter-output>
        </test-method> <!-- TestResults -->
        <test-method status="PASS" signature="ExecuteTest(java.lang.String, java.lang.String, java.lang.String, java.lang.String, java.lang.String, java.lang.String)[pri:1, instance:com.testcases.driverscripts.Execute_MainScript@3cef309d]" name="ExecuteTest" duration-ms="150076" started-at="2019-11-18T13:34:59Z" data-provider="Fetch_Master_data" finished-at="2019-11-18T13:37:29Z">
          <params>
            <param index="0">
              <value>
                <![CDATA[ALL_PAGES]]>
              </value>
            </param>
            <param index="1">
              <value>
                <![CDATA[END_TO_END]]>
              </value>
            </param>
            <param index="2">
              <value>
                <![CDATA[TC07_Verify_MyaccountSection_2]]>
              </value>
            </param>
            <param index="3">
              <value>
                <![CDATA[Verify options present in MYAccount Section - Address book , Profile , Communication address & Wishlist]]>
              </value>
            </param>
            <param index="4">
              <value>
                <![CDATA[Yes]]>
              </value>
            </param>
            <param index="5">
              <value>
                <![CDATA[High]]>
              </value>
            </param>
          </params>
          <reporter-output>
          </reporter-output>
        </test-method> <!-- ExecuteTest -->
        <test-method status="PASS" signature="TestResults(org.testng.ITestResult)[pri:0, instance:com.testcases.driverscripts.Execute_MainScript@3cef309d]" name="TestResults" is-config="true" duration-ms="1" started-at="2019-11-18T13:37:29Z" finished-at="2019-11-18T13:37:29Z">
          <params>
            <param index="0">
              <value>
                <![CDATA[[TestResult name=ExecuteTest status=SUCCESS method=Execute_MainScript.ExecuteTest(java.lang.String, java.lang.String, java.lang.String, java.lang.String, java.lang.String, java.lang.String)[pri:1, instance:com.testcases.driverscripts.Execute_MainScript@3cef309d] output={null}]]]>
              </value>
            </param>
          </params>
          <reporter-output>
          </reporter-output>
        </test-method> <!-- TestResults -->
        <test-method status="PASS" signature="ExecuteTest(java.lang.String, java.lang.String, java.lang.String, java.lang.String, java.lang.String, java.lang.String)[pri:1, instance:com.testcases.driverscripts.Execute_MainScript@3cef309d]" name="ExecuteTest" duration-ms="153656" started-at="2019-11-18T13:37:29Z" data-provider="Fetch_Master_data" finished-at="2019-11-18T13:40:03Z">
          <params>
            <param index="0">
              <value>
                <![CDATA[ALL_PAGES]]>
              </value>
            </param>
            <param index="1">
              <value>
                <![CDATA[END_TO_END]]>
              </value>
            </param>
            <param index="2">
              <value>
                <![CDATA[TC08_Verify_CartOperations]]>
              </value>
            </param>
            <param index="3">
              <value>
                <![CDATA[Verify cart page]]>
              </value>
            </param>
            <param index="4">
              <value>
                <![CDATA[Yes]]>
              </value>
            </param>
            <param index="5">
              <value>
                <![CDATA[High]]>
              </value>
            </param>
          </params>
          <reporter-output>
          </reporter-output>
        </test-method> <!-- ExecuteTest -->
        <test-method status="PASS" signature="TestResults(org.testng.ITestResult)[pri:0, instance:com.testcases.driverscripts.Execute_MainScript@3cef309d]" name="TestResults" is-config="true" duration-ms="1" started-at="2019-11-18T13:40:03Z" finished-at="2019-11-18T13:40:03Z">
          <params>
            <param index="0">
              <value>
                <![CDATA[[TestResult name=ExecuteTest status=SUCCESS method=Execute_MainScript.ExecuteTest(java.lang.String, java.lang.String, java.lang.String, java.lang.String, java.lang.String, java.lang.String)[pri:1, instance:com.testcases.driverscripts.Execute_MainScript@3cef309d] output={null}]]]>
              </value>
            </param>
          </params>
          <reporter-output>
          </reporter-output>
        </test-method> <!-- TestResults -->
        <test-method status="PASS" signature="ExecuteTest(java.lang.String, java.lang.String, java.lang.String, java.lang.String, java.lang.String, java.lang.String)[pri:1, instance:com.testcases.driverscripts.Execute_MainScript@3cef309d]" name="ExecuteTest" duration-ms="48575" started-at="2019-11-18T13:40:03Z" data-provider="Fetch_Master_data" finished-at="2019-11-18T13:40:51Z">
          <params>
            <param index="0">
              <value>
                <![CDATA[ALL_PAGES]]>
              </value>
            </param>
            <param index="1">
              <value>
                <![CDATA[END_TO_END]]>
              </value>
            </param>
            <param index="2">
              <value>
                <![CDATA[TC09_Verify_MiniCart]]>
              </value>
            </param>
            <param index="3">
              <value>
                <![CDATA[Minicart Check]]>
              </value>
            </param>
            <param index="4">
              <value>
                <![CDATA[Yes]]>
              </value>
            </param>
            <param index="5">
              <value>
                <![CDATA[High]]>
              </value>
            </param>
          </params>
          <reporter-output>
          </reporter-output>
        </test-method> <!-- ExecuteTest -->
        <test-method status="PASS" signature="TestResults(org.testng.ITestResult)[pri:0, instance:com.testcases.driverscripts.Execute_MainScript@3cef309d]" name="TestResults" is-config="true" duration-ms="0" started-at="2019-11-18T13:40:51Z" finished-at="2019-11-18T13:40:51Z">
          <params>
            <param index="0">
              <value>
                <![CDATA[[TestResult name=ExecuteTest status=SUCCESS method=Execute_MainScript.ExecuteTest(java.lang.String, java.lang.String, java.lang.String, java.lang.String, java.lang.String, java.lang.String)[pri:1, instance:com.testcases.driverscripts.Execute_MainScript@3cef309d] output={null}]]]>
              </value>
            </param>
          </params>
          <reporter-output>
          </reporter-output>
        </test-method> <!-- TestResults -->
        <test-method status="PASS" signature="ExecuteTest(java.lang.String, java.lang.String, java.lang.String, java.lang.String, java.lang.String, java.lang.String)[pri:1, instance:com.testcases.driverscripts.Execute_MainScript@3cef309d]" name="ExecuteTest" duration-ms="37196" started-at="2019-11-18T13:40:51Z" data-provider="Fetch_Master_data" finished-at="2019-11-18T13:41:29Z">
          <params>
            <param index="0">
              <value>
                <![CDATA[ALL_PAGES]]>
              </value>
            </param>
            <param index="1">
              <value>
                <![CDATA[END_TO_END]]>
              </value>
            </param>
            <param index="2">
              <value>
                <![CDATA[TC10_Search]]>
              </value>
            </param>
            <param index="3">
              <value>
                <![CDATA[Search ]]>
              </value>
            </param>
            <param index="4">
              <value>
                <![CDATA[Yes]]>
              </value>
            </param>
            <param index="5">
              <value>
                <![CDATA[High]]>
              </value>
            </param>
          </params>
          <reporter-output>
          </reporter-output>
        </test-method> <!-- ExecuteTest -->
        <test-method status="PASS" signature="TestResults(org.testng.ITestResult)[pri:0, instance:com.testcases.driverscripts.Execute_MainScript@3cef309d]" name="TestResults" is-config="true" duration-ms="0" started-at="2019-11-18T13:41:29Z" finished-at="2019-11-18T13:41:29Z">
          <params>
            <param index="0">
              <value>
                <![CDATA[[TestResult name=ExecuteTest status=SUCCESS method=Execute_MainScript.ExecuteTest(java.lang.String, java.lang.String, java.lang.String, java.lang.String, java.lang.String, java.lang.String)[pri:1, instance:com.testcases.driverscripts.Execute_MainScript@3cef309d] output={null}]]]>
              </value>
            </param>
          </params>
          <reporter-output>
          </reporter-output>
        </test-method> <!-- TestResults -->
        <test-method status="PASS" signature="ExecuteTest(java.lang.String, java.lang.String, java.lang.String, java.lang.String, java.lang.String, java.lang.String)[pri:1, instance:com.testcases.driverscripts.Execute_MainScript@3cef309d]" name="ExecuteTest" duration-ms="329903" started-at="2019-11-18T13:41:29Z" data-provider="Fetch_Master_data" finished-at="2019-11-18T13:46:58Z">
          <params>
            <param index="0">
              <value>
                <![CDATA[ALL_PAGES]]>
              </value>
            </param>
            <param index="1">
              <value>
                <![CDATA[END_TO_END]]>
              </value>
            </param>
            <param index="2">
              <value>
                <![CDATA[TC11_Verify_CheckOut_SingleShipping]]>
              </value>
            </param>
            <param index="3">
              <value>
                <![CDATA[Verify CheckOut - Single Shipping]]>
              </value>
            </param>
            <param index="4">
              <value>
                <![CDATA[Yes]]>
              </value>
            </param>
            <param index="5">
              <value>
                <![CDATA[High]]>
              </value>
            </param>
          </params>
          <reporter-output>
          </reporter-output>
        </test-method> <!-- ExecuteTest -->
        <test-method status="PASS" signature="ExecuteTest(java.lang.String, java.lang.String, java.lang.String, java.lang.String, java.lang.String, java.lang.String)[pri:1, instance:com.testcases.driverscripts.Execute_MainScript@3cef309d]" name="ExecuteTest" duration-ms="149749" started-at="2019-11-18T13:46:58Z" data-provider="Fetch_Master_data" finished-at="2019-11-18T13:49:28Z">
          <params>
            <param index="0">
              <value>
                <![CDATA[ALL_PAGES]]>
              </value>
            </param>
            <param index="1">
              <value>
                <![CDATA[END_TO_END]]>
              </value>
            </param>
            <param index="2">
              <value>
                <![CDATA[TC12_Verify_CheckOut_Using_Giftcard]]>
              </value>
            </param>
            <param index="3">
              <value>
                <![CDATA[Verify CheckOut Using Giftcard]]>
              </value>
            </param>
            <param index="4">
              <value>
                <![CDATA[Yes]]>
              </value>
            </param>
            <param index="5">
              <value>
                <![CDATA[High]]>
              </value>
            </param>
          </params>
          <reporter-output>
          </reporter-output>
        </test-method> <!-- ExecuteTest -->
        <test-method status="PASS" signature="TestResults(org.testng.ITestResult)[pri:0, instance:com.testcases.driverscripts.Execute_MainScript@3cef309d]" name="TestResults" is-config="true" duration-ms="0" started-at="2019-11-18T13:46:58Z" finished-at="2019-11-18T13:46:58Z">
          <params>
            <param index="0">
              <value>
                <![CDATA[[TestResult name=ExecuteTest status=SUCCESS method=Execute_MainScript.ExecuteTest(java.lang.String, java.lang.String, java.lang.String, java.lang.String, java.lang.String, java.lang.String)[pri:1, instance:com.testcases.driverscripts.Execute_MainScript@3cef309d] output={null}]]]>
              </value>
            </param>
          </params>
          <reporter-output>
          </reporter-output>
        </test-method> <!-- TestResults -->
        <test-method status="PASS" signature="TestResults(org.testng.ITestResult)[pri:0, instance:com.testcases.driverscripts.Execute_MainScript@3cef309d]" name="TestResults" is-config="true" duration-ms="3" started-at="2019-11-18T13:49:28Z" finished-at="2019-11-18T13:49:28Z">
          <params>
            <param index="0">
              <value>
                <![CDATA[[TestResult name=ExecuteTest status=SUCCESS method=Execute_MainScript.ExecuteTest(java.lang.String, java.lang.String, java.lang.String, java.lang.String, java.lang.String, java.lang.String)[pri:1, instance:com.testcases.driverscripts.Execute_MainScript@3cef309d] output={null}]]]>
              </value>
            </param>
          </params>
          <reporter-output>
          </reporter-output>
        </test-method> <!-- TestResults -->
        <test-method status="PASS" signature="ExecuteTest(java.lang.String, java.lang.String, java.lang.String, java.lang.String, java.lang.String, java.lang.String)[pri:1, instance:com.testcases.driverscripts.Execute_MainScript@3cef309d]" name="ExecuteTest" duration-ms="171884" started-at="2019-11-18T13:49:28Z" data-provider="Fetch_Master_data" finished-at="2019-11-18T13:52:20Z">
          <params>
            <param index="0">
              <value>
                <![CDATA[ALL_PAGES]]>
              </value>
            </param>
            <param index="1">
              <value>
                <![CDATA[END_TO_END]]>
              </value>
            </param>
            <param index="2">
              <value>
                <![CDATA[TC13_Verify_CheckOut_SingleShip_multiItems]]>
              </value>
            </param>
            <param index="3">
              <value>
                <![CDATA[Verify CheckOut SingleShip multiItems]]>
              </value>
            </param>
            <param index="4">
              <value>
                <![CDATA[Yes]]>
              </value>
            </param>
            <param index="5">
              <value>
                <![CDATA[High]]>
              </value>
            </param>
          </params>
          <reporter-output>
          </reporter-output>
        </test-method> <!-- ExecuteTest -->
        <test-method status="PASS" signature="TestResults(org.testng.ITestResult)[pri:0, instance:com.testcases.driverscripts.Execute_MainScript@3cef309d]" name="TestResults" is-config="true" duration-ms="0" started-at="2019-11-18T13:52:20Z" finished-at="2019-11-18T13:52:20Z">
          <params>
            <param index="0">
              <value>
                <![CDATA[[TestResult name=ExecuteTest status=SUCCESS method=Execute_MainScript.ExecuteTest(java.lang.String, java.lang.String, java.lang.String, java.lang.String, java.lang.String, java.lang.String)[pri:1, instance:com.testcases.driverscripts.Execute_MainScript@3cef309d] output={null}]]]>
              </value>
            </param>
          </params>
          <reporter-output>
          </reporter-output>
        </test-method> <!-- TestResults -->
        <test-method status="PASS" signature="ExecuteTest(java.lang.String, java.lang.String, java.lang.String, java.lang.String, java.lang.String, java.lang.String)[pri:1, instance:com.testcases.driverscripts.Execute_MainScript@3cef309d]" name="ExecuteTest" duration-ms="145505" started-at="2019-11-18T13:52:20Z" data-provider="Fetch_Master_data" finished-at="2019-11-18T13:54:46Z">
          <params>
            <param index="0">
              <value>
                <![CDATA[ALL_PAGES]]>
              </value>
            </param>
            <param index="1">
              <value>
                <![CDATA[END_TO_END]]>
              </value>
            </param>
            <param index="2">
              <value>
                <![CDATA[TC14_Verify_CheckOut_PickUp_InStore]]>
              </value>
            </param>
            <param index="3">
              <value>
                <![CDATA[Verify checkout using Pick up in store method]]>
              </value>
            </param>
            <param index="4">
              <value>
                <![CDATA[Yes]]>
              </value>
            </param>
            <param index="5">
              <value>
                <![CDATA[High]]>
              </value>
            </param>
          </params>
          <reporter-output>
          </reporter-output>
        </test-method> <!-- ExecuteTest -->
        <test-method status="PASS" signature="ExecuteTest(java.lang.String, java.lang.String, java.lang.String, java.lang.String, java.lang.String, java.lang.String)[pri:1, instance:com.testcases.driverscripts.Execute_MainScript@3cef309d]" name="ExecuteTest" duration-ms="177285" started-at="2019-11-18T13:54:46Z" data-provider="Fetch_Master_data" finished-at="2019-11-18T13:57:43Z">
          <params>
            <param index="0">
              <value>
                <![CDATA[ALL_PAGES]]>
              </value>
            </param>
            <param index="1">
              <value>
                <![CDATA[END_TO_END]]>
              </value>
            </param>
            <param index="2">
              <value>
                <![CDATA[TC15_Verify_CheckOut_MultiShip]]>
              </value>
            </param>
            <param index="3">
              <value>
                <![CDATA[Verify Checkout Multiship]]>
              </value>
            </param>
            <param index="4">
              <value>
                <![CDATA[Yes]]>
              </value>
            </param>
            <param index="5">
              <value>
                <![CDATA[High]]>
              </value>
            </param>
          </params>
          <reporter-output>
          </reporter-output>
        </test-method> <!-- ExecuteTest -->
        <test-method status="PASS" signature="TestResults(org.testng.ITestResult)[pri:0, instance:com.testcases.driverscripts.Execute_MainScript@3cef309d]" name="TestResults" is-config="true" duration-ms="0" started-at="2019-11-18T13:54:46Z" finished-at="2019-11-18T13:54:46Z">
          <params>
            <param index="0">
              <value>
                <![CDATA[[TestResult name=ExecuteTest status=SUCCESS method=Execute_MainScript.ExecuteTest(java.lang.String, java.lang.String, java.lang.String, java.lang.String, java.lang.String, java.lang.String)[pri:1, instance:com.testcases.driverscripts.Execute_MainScript@3cef309d] output={null}]]]>
              </value>
            </param>
          </params>
          <reporter-output>
          </reporter-output>
        </test-method> <!-- TestResults -->
        <test-method status="PASS" signature="TestResults(org.testng.ITestResult)[pri:0, instance:com.testcases.driverscripts.Execute_MainScript@3cef309d]" name="TestResults" is-config="true" duration-ms="1" started-at="2019-11-18T13:57:43Z" finished-at="2019-11-18T13:57:43Z">
          <params>
            <param index="0">
              <value>
                <![CDATA[[TestResult name=ExecuteTest status=SUCCESS method=Execute_MainScript.ExecuteTest(java.lang.String, java.lang.String, java.lang.String, java.lang.String, java.lang.String, java.lang.String)[pri:1, instance:com.testcases.driverscripts.Execute_MainScript@3cef309d] output={null}]]]>
              </value>
            </param>
          </params>
          <reporter-output>
          </reporter-output>
        </test-method> <!-- TestResults -->
        <test-method status="PASS" signature="ExecuteTest(java.lang.String, java.lang.String, java.lang.String, java.lang.String, java.lang.String, java.lang.String)[pri:1, instance:com.testcases.driverscripts.Execute_MainScript@3cef309d]" name="ExecuteTest" duration-ms="138046" started-at="2019-11-18T13:57:43Z" data-provider="Fetch_Master_data" finished-at="2019-11-18T14:00:01Z">
          <params>
            <param index="0">
              <value>
                <![CDATA[ALL_PAGES]]>
              </value>
            </param>
            <param index="1">
              <value>
                <![CDATA[END_TO_END]]>
              </value>
            </param>
            <param index="2">
              <value>
                <![CDATA[TC16_Verify_CheckOut_NewShippingAddress]]>
              </value>
            </param>
            <param index="3">
              <value>
                <![CDATA[Verify Checkout with New Shipping Address]]>
              </value>
            </param>
            <param index="4">
              <value>
                <![CDATA[Yes]]>
              </value>
            </param>
            <param index="5">
              <value>
                <![CDATA[High]]>
              </value>
            </param>
          </params>
          <reporter-output>
          </reporter-output>
        </test-method> <!-- ExecuteTest -->
        <test-method status="PASS" signature="TestResults(org.testng.ITestResult)[pri:0, instance:com.testcases.driverscripts.Execute_MainScript@3cef309d]" name="TestResults" is-config="true" duration-ms="0" started-at="2019-11-18T14:00:01Z" finished-at="2019-11-18T14:00:01Z">
          <params>
            <param index="0">
              <value>
                <![CDATA[[TestResult name=ExecuteTest status=SUCCESS method=Execute_MainScript.ExecuteTest(java.lang.String, java.lang.String, java.lang.String, java.lang.String, java.lang.String, java.lang.String)[pri:1, instance:com.testcases.driverscripts.Execute_MainScript@3cef309d] output={null}]]]>
              </value>
            </param>
          </params>
          <reporter-output>
          </reporter-output>
        </test-method> <!-- TestResults -->
        <test-method status="PASS" signature="ExecuteTest(java.lang.String, java.lang.String, java.lang.String, java.lang.String, java.lang.String, java.lang.String)[pri:1, instance:com.testcases.driverscripts.Execute_MainScript@3cef309d]" name="ExecuteTest" duration-ms="170545" started-at="2019-11-18T14:00:01Z" data-provider="Fetch_Master_data" finished-at="2019-11-18T14:02:52Z">
          <params>
            <param index="0">
              <value>
                <![CDATA[ALL_PAGES]]>
              </value>
            </param>
            <param index="1">
              <value>
                <![CDATA[END_TO_END]]>
              </value>
            </param>
            <param index="2">
              <value>
                <![CDATA[TC17_Verify_CheckOut_SplitPayment]]>
              </value>
            </param>
            <param index="3">
              <value>
                <![CDATA[Verify Checkout with Split Payment (CC & GC)]]>
              </value>
            </param>
            <param index="4">
              <value>
                <![CDATA[Yes]]>
              </value>
            </param>
            <param index="5">
              <value>
                <![CDATA[High]]>
              </value>
            </param>
          </params>
          <reporter-output>
          </reporter-output>
        </test-method> <!-- ExecuteTest -->
        <test-method status="PASS" signature="TestResults(org.testng.ITestResult)[pri:0, instance:com.testcases.driverscripts.Execute_MainScript@3cef309d]" name="TestResults" is-config="true" duration-ms="0" started-at="2019-11-18T14:02:52Z" finished-at="2019-11-18T14:02:52Z">
          <params>
            <param index="0">
              <value>
                <![CDATA[[TestResult name=ExecuteTest status=SUCCESS method=Execute_MainScript.ExecuteTest(java.lang.String, java.lang.String, java.lang.String, java.lang.String, java.lang.String, java.lang.String)[pri:1, instance:com.testcases.driverscripts.Execute_MainScript@3cef309d] output={null}]]]>
              </value>
            </param>
          </params>
          <reporter-output>
          </reporter-output>
        </test-method> <!-- TestResults -->
        <test-method status="PASS" signature="ExecuteTest(java.lang.String, java.lang.String, java.lang.String, java.lang.String, java.lang.String, java.lang.String)[pri:1, instance:com.testcases.driverscripts.Execute_MainScript@3cef309d]" name="ExecuteTest" duration-ms="179472" started-at="2019-11-18T14:02:52Z" data-provider="Fetch_Master_data" finished-at="2019-11-18T14:05:51Z">
          <params>
            <param index="0">
              <value>
                <![CDATA[ALL_PAGES]]>
              </value>
            </param>
            <param index="1">
              <value>
                <![CDATA[END_TO_END]]>
              </value>
            </param>
            <param index="2">
              <value>
                <![CDATA[TC18_Verify_CheckOut_PickUp_InStore_AND_ShipTo]]>
              </value>
            </param>
            <param index="3">
              <value>
                <![CDATA[Verify Checkout using Ship to & Pick up in store Method]]>
              </value>
            </param>
            <param index="4">
              <value>
                <![CDATA[Yes]]>
              </value>
            </param>
            <param index="5">
              <value>
                <![CDATA[High]]>
              </value>
            </param>
          </params>
          <reporter-output>
          </reporter-output>
        </test-method> <!-- ExecuteTest -->
        <test-method status="PASS" signature="TestResults(org.testng.ITestResult)[pri:0, instance:com.testcases.driverscripts.Execute_MainScript@3cef309d]" name="TestResults" is-config="true" duration-ms="0" started-at="2019-11-18T14:05:51Z" finished-at="2019-11-18T14:05:51Z">
          <params>
            <param index="0">
              <value>
                <![CDATA[[TestResult name=ExecuteTest status=SUCCESS method=Execute_MainScript.ExecuteTest(java.lang.String, java.lang.String, java.lang.String, java.lang.String, java.lang.String, java.lang.String)[pri:1, instance:com.testcases.driverscripts.Execute_MainScript@3cef309d] output={null}]]]>
              </value>
            </param>
          </params>
          <reporter-output>
          </reporter-output>
        </test-method> <!-- TestResults -->
        <test-method status="PASS" signature="close()[pri:0, instance:com.testcases.driverscripts.Execute_MainScript@3cef309d]" name="close" is-config="true" duration-ms="480" started-at="2019-11-18T14:05:51Z" finished-at="2019-11-18T14:05:52Z">
          <reporter-output>
          </reporter-output>
        </test-method> <!-- close -->
        <test-method status="PASS" signature="closebrowser(java.lang.String)[pri:0, instance:com.testcases.driverscripts.Execute_MainScript@3cef309d]" name="closebrowser" is-config="true" duration-ms="4202" started-at="2019-11-18T14:05:52Z" finished-at="2019-11-18T14:05:56Z">
          <params>
            <param index="0">
              <value>
                <![CDATA[chrome]]>
              </value>
            </param>
          </params>
          <reporter-output>
          </reporter-output>
        </test-method> <!-- closebrowser -->
      </class> <!-- com.testcases.driverscripts.Execute_MainScript -->
    </test> <!-- Chrome_test -->
  </suite> <!-- Suite -->
</testng-results>
