<?xml version="1.0" encoding="UTF-8"?>
<testng-results skipped="19" failed="0" total="20" passed="1">
  <reporter-output>
  </reporter-output>
  <suite name="Suite" duration-ms="40675" started-at="2019-11-21T14:14:06Z" finished-at="2019-11-21T14:14:47Z">
    <groups>
    </groups>
    <test name="Chrome_test" duration-ms="40675" started-at="2019-11-21T14:14:06Z" finished-at="2019-11-21T14:14:47Z">
      <class name="com.testcases.driverscripts.Execute_MainScript">
        <test-method status="PASS" signature="Pre_requisite()[pri:0, instance:com.testcases.driverscripts.Execute_MainScript@cd2dae5]" name="Pre_requisite" is-config="true" duration-ms="141" started-at="2019-11-21T19:44:06Z" finished-at="2019-11-21T19:44:06Z">
          <reporter-output>
          </reporter-output>
        </test-method> <!-- Pre_requisite -->
        <test-method status="PASS" signature="EnvSetup(java.lang.String, java.lang.String, java.lang.String, int, int)[pri:0, instance:com.testcases.driverscripts.Execute_MainScript@cd2dae5]" name="EnvSetup" is-config="true" duration-ms="9608" started-at="2019-11-21T19:44:06Z" finished-at="2019-11-21T19:44:16Z">
          <params>
            <param index="0">
              <value>
                <![CDATA[chrome]]>
              </value>
            </param>
            <param index="1">
              <value>
                <![CDATA[Desktop]]>
              </value>
            </param>
            <param index="2">
              <value>
                <![CDATA[iphone X]]>
              </value>
            </param>
            <param index="3">
              <value>
                <![CDATA[812]]>
              </value>
            </param>
            <param index="4">
              <value>
                <![CDATA[375]]>
              </value>
            </param>
          </params>
          <reporter-output>
          </reporter-output>
        </test-method> <!-- EnvSetup -->
        <test-method status="PASS" signature="ExecuteTest(java.lang.String, java.lang.String, java.lang.String, java.lang.String, java.lang.String, java.lang.String)[pri:1, instance:com.testcases.driverscripts.Execute_MainScript@cd2dae5]" name="ExecuteTest" duration-ms="30007" started-at="2019-11-21T19:44:16Z" data-provider="Fetch_Master_data" finished-at="2019-11-21T19:44:46Z">
          <params>
            <param index="0">
              <value>
                <![CDATA[ALL_PAGES]]>
              </value>
            </param>
            <param index="1">
              <value>
                <![CDATA[END_TO_END]]>
              </value>
            </param>
            <param index="2">
              <value>
                <![CDATA[TC01_Verify_Navigations]]>
              </value>
            </param>
            <param index="3">
              <value>
                <![CDATA[Verify Navigations]]>
              </value>
            </param>
            <param index="4">
              <value>
                <![CDATA[YES]]>
              </value>
            </param>
            <param index="5">
              <value>
                <![CDATA[High]]>
              </value>
            </param>
          </params>
          <reporter-output>
          </reporter-output>
        </test-method> <!-- ExecuteTest -->
        <test-method status="PASS" signature="TestResults(org.testng.ITestResult)[pri:0, instance:com.testcases.driverscripts.Execute_MainScript@cd2dae5]" name="TestResults" is-config="true" duration-ms="12" started-at="2019-11-21T19:44:46Z" finished-at="2019-11-21T19:44:46Z">
          <params>
            <param index="0">
              <value>
                <![CDATA[[TestResult name=ExecuteTest status=SUCCESS method=Execute_MainScript.ExecuteTest(java.lang.String, java.lang.String, java.lang.String, java.lang.String, java.lang.String, java.lang.String)[pri:1, instance:com.testcases.driverscripts.Execute_MainScript@cd2dae5] output={null}]]]>
              </value>
            </param>
          </params>
          <reporter-output>
          </reporter-output>
        </test-method> <!-- TestResults -->
        <test-method status="SKIP" signature="ExecuteTest(java.lang.String, java.lang.String, java.lang.String, java.lang.String, java.lang.String, java.lang.String)[pri:1, instance:com.testcases.driverscripts.Execute_MainScript@cd2dae5]" name="ExecuteTest" duration-ms="38" started-at="2019-11-21T19:44:46Z" data-provider="Fetch_Master_data" finished-at="2019-11-21T19:44:46Z">
          <params>
            <param index="0">
              <value>
                <![CDATA[ALL_PAGES]]>
              </value>
            </param>
            <param index="1">
              <value>
                <![CDATA[END_TO_END]]>
              </value>
            </param>
            <param index="2">
              <value>
                <![CDATA[TC02_PLP_Check]]>
              </value>
            </param>
            <param index="3">
              <value>
                <![CDATA[Product Listing page - facet / filters / images / PDP navigation]]>
              </value>
            </param>
            <param index="4">
              <value>
                <![CDATA[No]]>
              </value>
            </param>
            <param index="5">
              <value>
                <![CDATA[High]]>
              </value>
            </param>
          </params>
          <exception class="org.testng.SkipException">
            <message>
              <![CDATA[TC02_PLP_Check has been skipped..]]>
            </message>
            <full-stacktrace>
              <![CDATA[org.testng.SkipException: TC02_PLP_Check has been skipped..
	at com.testcases.driverscripts.Execute_MainScript.ExecuteTest(Execute_MainScript.java:311)
	at sun.reflect.NativeMethodAccessorImpl.invoke0(Native Method)
	at sun.reflect.NativeMethodAccessorImpl.invoke(Unknown Source)
	at sun.reflect.DelegatingMethodAccessorImpl.invoke(Unknown Source)
	at java.lang.reflect.Method.invoke(Unknown Source)
	at org.testng.internal.MethodInvocationHelper.invokeMethod(MethodInvocationHelper.java:86)
	at org.testng.internal.Invoker.invokeMethod(Invoker.java:643)
	at org.testng.internal.Invoker.invokeTestMethod(Invoker.java:820)
	at org.testng.internal.Invoker.invokeTestMethods(Invoker.java:1128)
	at org.testng.internal.TestMethodWorker.invokeTestMethods(TestMethodWorker.java:129)
	at org.testng.internal.TestMethodWorker.run(TestMethodWorker.java:112)
	at org.testng.TestRunner.privateRun(TestRunner.java:782)
	at org.testng.TestRunner.run(TestRunner.java:632)
	at org.testng.SuiteRunner.runTest(SuiteRunner.java:366)
	at org.testng.SuiteRunner.runSequentially(SuiteRunner.java:361)
	at org.testng.SuiteRunner.privateRun(SuiteRunner.java:319)
	at org.testng.SuiteRunner.run(SuiteRunner.java:268)
	at org.testng.SuiteRunnerWorker.runSuite(SuiteRunnerWorker.java:52)
	at org.testng.SuiteRunnerWorker.run(SuiteRunnerWorker.java:86)
	at org.testng.TestNG.runSuitesSequentially(TestNG.java:1244)
	at org.testng.TestNG.runSuitesLocally(TestNG.java:1169)
	at org.testng.TestNG.run(TestNG.java:1064)
	at org.testng.remote.AbstractRemoteTestNG.run(AbstractRemoteTestNG.java:114)
	at org.testng.remote.RemoteTestNG.initAndRun(RemoteTestNG.java:251)
	at org.testng.remote.RemoteTestNG.main(RemoteTestNG.java:77)
]]>
            </full-stacktrace>
          </exception> <!-- org.testng.SkipException -->
          <reporter-output>
          </reporter-output>
        </test-method> <!-- ExecuteTest -->
        <test-method status="PASS" signature="TestResults(org.testng.ITestResult)[pri:0, instance:com.testcases.driverscripts.Execute_MainScript@cd2dae5]" name="TestResults" is-config="true" duration-ms="3" started-at="2019-11-21T19:44:46Z" finished-at="2019-11-21T19:44:46Z">
          <params>
            <param index="0">
              <value>
                <![CDATA[[TestResult name=ExecuteTest status=SKIP method=Execute_MainScript.ExecuteTest(java.lang.String, java.lang.String, java.lang.String, java.lang.String, java.lang.String, java.lang.String)[pri:1, instance:com.testcases.driverscripts.Execute_MainScript@cd2dae5] output={null}]]]>
              </value>
            </param>
          </params>
          <reporter-output>
          </reporter-output>
        </test-method> <!-- TestResults -->
        <test-method status="SKIP" signature="ExecuteTest(java.lang.String, java.lang.String, java.lang.String, java.lang.String, java.lang.String, java.lang.String)[pri:1, instance:com.testcases.driverscripts.Execute_MainScript@cd2dae5]" name="ExecuteTest" duration-ms="30" started-at="2019-11-21T19:44:46Z" data-provider="Fetch_Master_data" finished-at="2019-11-21T19:44:46Z">
          <params>
            <param index="0">
              <value>
                <![CDATA[ALL_PAGES]]>
              </value>
            </param>
            <param index="1">
              <value>
                <![CDATA[END_TO_END]]>
              </value>
            </param>
            <param index="2">
              <value>
                <![CDATA[TC03_PDP_Check]]>
              </value>
            </param>
            <param index="3">
              <value>
                <![CDATA[PDP - Normal checks (ship to home / store pick up )]]>
              </value>
            </param>
            <param index="4">
              <value>
                <![CDATA[No]]>
              </value>
            </param>
            <param index="5">
              <value>
                <![CDATA[High]]>
              </value>
            </param>
          </params>
          <exception class="org.testng.SkipException">
            <message>
              <![CDATA[TC03_PDP_Check has been skipped..]]>
            </message>
            <full-stacktrace>
              <![CDATA[org.testng.SkipException: TC03_PDP_Check has been skipped..
	at com.testcases.driverscripts.Execute_MainScript.ExecuteTest(Execute_MainScript.java:311)
	at sun.reflect.NativeMethodAccessorImpl.invoke0(Native Method)
	at sun.reflect.NativeMethodAccessorImpl.invoke(Unknown Source)
	at sun.reflect.DelegatingMethodAccessorImpl.invoke(Unknown Source)
	at java.lang.reflect.Method.invoke(Unknown Source)
	at org.testng.internal.MethodInvocationHelper.invokeMethod(MethodInvocationHelper.java:86)
	at org.testng.internal.Invoker.invokeMethod(Invoker.java:643)
	at org.testng.internal.Invoker.invokeTestMethod(Invoker.java:820)
	at org.testng.internal.Invoker.invokeTestMethods(Invoker.java:1128)
	at org.testng.internal.TestMethodWorker.invokeTestMethods(TestMethodWorker.java:129)
	at org.testng.internal.TestMethodWorker.run(TestMethodWorker.java:112)
	at org.testng.TestRunner.privateRun(TestRunner.java:782)
	at org.testng.TestRunner.run(TestRunner.java:632)
	at org.testng.SuiteRunner.runTest(SuiteRunner.java:366)
	at org.testng.SuiteRunner.runSequentially(SuiteRunner.java:361)
	at org.testng.SuiteRunner.privateRun(SuiteRunner.java:319)
	at org.testng.SuiteRunner.run(SuiteRunner.java:268)
	at org.testng.SuiteRunnerWorker.runSuite(SuiteRunnerWorker.java:52)
	at org.testng.SuiteRunnerWorker.run(SuiteRunnerWorker.java:86)
	at org.testng.TestNG.runSuitesSequentially(TestNG.java:1244)
	at org.testng.TestNG.runSuitesLocally(TestNG.java:1169)
	at org.testng.TestNG.run(TestNG.java:1064)
	at org.testng.remote.AbstractRemoteTestNG.run(AbstractRemoteTestNG.java:114)
	at org.testng.remote.RemoteTestNG.initAndRun(RemoteTestNG.java:251)
	at org.testng.remote.RemoteTestNG.main(RemoteTestNG.java:77)
]]>
            </full-stacktrace>
          </exception> <!-- org.testng.SkipException -->
          <reporter-output>
          </reporter-output>
        </test-method> <!-- ExecuteTest -->
        <test-method status="PASS" signature="TestResults(org.testng.ITestResult)[pri:0, instance:com.testcases.driverscripts.Execute_MainScript@cd2dae5]" name="TestResults" is-config="true" duration-ms="0" started-at="2019-11-21T19:44:46Z" finished-at="2019-11-21T19:44:46Z">
          <params>
            <param index="0">
              <value>
                <![CDATA[[TestResult name=ExecuteTest status=SKIP method=Execute_MainScript.ExecuteTest(java.lang.String, java.lang.String, java.lang.String, java.lang.String, java.lang.String, java.lang.String)[pri:1, instance:com.testcases.driverscripts.Execute_MainScript@cd2dae5] output={null}]]]>
              </value>
            </param>
          </params>
          <reporter-output>
          </reporter-output>
        </test-method> <!-- TestResults -->
        <test-method status="SKIP" signature="ExecuteTest(java.lang.String, java.lang.String, java.lang.String, java.lang.String, java.lang.String, java.lang.String)[pri:1, instance:com.testcases.driverscripts.Execute_MainScript@cd2dae5]" name="ExecuteTest" duration-ms="25" started-at="2019-11-21T19:44:46Z" data-provider="Fetch_Master_data" finished-at="2019-11-21T19:44:46Z">
          <params>
            <param index="0">
              <value>
                <![CDATA[ALL_PAGES]]>
              </value>
            </param>
            <param index="1">
              <value>
                <![CDATA[END_TO_END]]>
              </value>
            </param>
            <param index="2">
              <value>
                <![CDATA[TC04_Product_Comparision]]>
              </value>
            </param>
            <param index="3">
              <value>
                <![CDATA[Verify Product Comparision]]>
              </value>
            </param>
            <param index="4">
              <value>
                <![CDATA[No]]>
              </value>
            </param>
            <param index="5">
              <value>
                <![CDATA[High]]>
              </value>
            </param>
          </params>
          <exception class="org.testng.SkipException">
            <message>
              <![CDATA[TC04_Product_Comparision has been skipped..]]>
            </message>
            <full-stacktrace>
              <![CDATA[org.testng.SkipException: TC04_Product_Comparision has been skipped..
	at com.testcases.driverscripts.Execute_MainScript.ExecuteTest(Execute_MainScript.java:311)
	at sun.reflect.NativeMethodAccessorImpl.invoke0(Native Method)
	at sun.reflect.NativeMethodAccessorImpl.invoke(Unknown Source)
	at sun.reflect.DelegatingMethodAccessorImpl.invoke(Unknown Source)
	at java.lang.reflect.Method.invoke(Unknown Source)
	at org.testng.internal.MethodInvocationHelper.invokeMethod(MethodInvocationHelper.java:86)
	at org.testng.internal.Invoker.invokeMethod(Invoker.java:643)
	at org.testng.internal.Invoker.invokeTestMethod(Invoker.java:820)
	at org.testng.internal.Invoker.invokeTestMethods(Invoker.java:1128)
	at org.testng.internal.TestMethodWorker.invokeTestMethods(TestMethodWorker.java:129)
	at org.testng.internal.TestMethodWorker.run(TestMethodWorker.java:112)
	at org.testng.TestRunner.privateRun(TestRunner.java:782)
	at org.testng.TestRunner.run(TestRunner.java:632)
	at org.testng.SuiteRunner.runTest(SuiteRunner.java:366)
	at org.testng.SuiteRunner.runSequentially(SuiteRunner.java:361)
	at org.testng.SuiteRunner.privateRun(SuiteRunner.java:319)
	at org.testng.SuiteRunner.run(SuiteRunner.java:268)
	at org.testng.SuiteRunnerWorker.runSuite(SuiteRunnerWorker.java:52)
	at org.testng.SuiteRunnerWorker.run(SuiteRunnerWorker.java:86)
	at org.testng.TestNG.runSuitesSequentially(TestNG.java:1244)
	at org.testng.TestNG.runSuitesLocally(TestNG.java:1169)
	at org.testng.TestNG.run(TestNG.java:1064)
	at org.testng.remote.AbstractRemoteTestNG.run(AbstractRemoteTestNG.java:114)
	at org.testng.remote.RemoteTestNG.initAndRun(RemoteTestNG.java:251)
	at org.testng.remote.RemoteTestNG.main(RemoteTestNG.java:77)
]]>
            </full-stacktrace>
          </exception> <!-- org.testng.SkipException -->
          <reporter-output>
          </reporter-output>
        </test-method> <!-- ExecuteTest -->
        <test-method status="SKIP" signature="ExecuteTest(java.lang.String, java.lang.String, java.lang.String, java.lang.String, java.lang.String, java.lang.String)[pri:1, instance:com.testcases.driverscripts.Execute_MainScript@cd2dae5]" name="ExecuteTest" duration-ms="22" started-at="2019-11-21T19:44:46Z" data-provider="Fetch_Master_data" finished-at="2019-11-21T19:44:46Z">
          <params>
            <param index="0">
              <value>
                <![CDATA[ALL_PAGES]]>
              </value>
            </param>
            <param index="1">
              <value>
                <![CDATA[END_TO_END]]>
              </value>
            </param>
            <param index="2">
              <value>
                <![CDATA[TC05_Verify_login]]>
              </value>
            </param>
            <param index="3">
              <value>
                <![CDATA[Verify Login]]>
              </value>
            </param>
            <param index="4">
              <value>
                <![CDATA[No]]>
              </value>
            </param>
            <param index="5">
              <value>
                <![CDATA[High]]>
              </value>
            </param>
          </params>
          <exception class="org.testng.SkipException">
            <message>
              <![CDATA[TC05_Verify_login has been skipped..]]>
            </message>
            <full-stacktrace>
              <![CDATA[org.testng.SkipException: TC05_Verify_login has been skipped..
	at com.testcases.driverscripts.Execute_MainScript.ExecuteTest(Execute_MainScript.java:311)
	at sun.reflect.NativeMethodAccessorImpl.invoke0(Native Method)
	at sun.reflect.NativeMethodAccessorImpl.invoke(Unknown Source)
	at sun.reflect.DelegatingMethodAccessorImpl.invoke(Unknown Source)
	at java.lang.reflect.Method.invoke(Unknown Source)
	at org.testng.internal.MethodInvocationHelper.invokeMethod(MethodInvocationHelper.java:86)
	at org.testng.internal.Invoker.invokeMethod(Invoker.java:643)
	at org.testng.internal.Invoker.invokeTestMethod(Invoker.java:820)
	at org.testng.internal.Invoker.invokeTestMethods(Invoker.java:1128)
	at org.testng.internal.TestMethodWorker.invokeTestMethods(TestMethodWorker.java:129)
	at org.testng.internal.TestMethodWorker.run(TestMethodWorker.java:112)
	at org.testng.TestRunner.privateRun(TestRunner.java:782)
	at org.testng.TestRunner.run(TestRunner.java:632)
	at org.testng.SuiteRunner.runTest(SuiteRunner.java:366)
	at org.testng.SuiteRunner.runSequentially(SuiteRunner.java:361)
	at org.testng.SuiteRunner.privateRun(SuiteRunner.java:319)
	at org.testng.SuiteRunner.run(SuiteRunner.java:268)
	at org.testng.SuiteRunnerWorker.runSuite(SuiteRunnerWorker.java:52)
	at org.testng.SuiteRunnerWorker.run(SuiteRunnerWorker.java:86)
	at org.testng.TestNG.runSuitesSequentially(TestNG.java:1244)
	at org.testng.TestNG.runSuitesLocally(TestNG.java:1169)
	at org.testng.TestNG.run(TestNG.java:1064)
	at org.testng.remote.AbstractRemoteTestNG.run(AbstractRemoteTestNG.java:114)
	at org.testng.remote.RemoteTestNG.initAndRun(RemoteTestNG.java:251)
	at org.testng.remote.RemoteTestNG.main(RemoteTestNG.java:77)
]]>
            </full-stacktrace>
          </exception> <!-- org.testng.SkipException -->
          <reporter-output>
          </reporter-output>
        </test-method> <!-- ExecuteTest -->
        <test-method status="PASS" signature="TestResults(org.testng.ITestResult)[pri:0, instance:com.testcases.driverscripts.Execute_MainScript@cd2dae5]" name="TestResults" is-config="true" duration-ms="0" started-at="2019-11-21T19:44:46Z" finished-at="2019-11-21T19:44:46Z">
          <params>
            <param index="0">
              <value>
                <![CDATA[[TestResult name=ExecuteTest status=SKIP method=Execute_MainScript.ExecuteTest(java.lang.String, java.lang.String, java.lang.String, java.lang.String, java.lang.String, java.lang.String)[pri:1, instance:com.testcases.driverscripts.Execute_MainScript@cd2dae5] output={null}]]]>
              </value>
            </param>
          </params>
          <reporter-output>
          </reporter-output>
        </test-method> <!-- TestResults -->
        <test-method status="SKIP" signature="ExecuteTest(java.lang.String, java.lang.String, java.lang.String, java.lang.String, java.lang.String, java.lang.String)[pri:1, instance:com.testcases.driverscripts.Execute_MainScript@cd2dae5]" name="ExecuteTest" duration-ms="46" started-at="2019-11-21T19:44:46Z" data-provider="Fetch_Master_data" finished-at="2019-11-21T19:44:47Z">
          <params>
            <param index="0">
              <value>
                <![CDATA[ALL_PAGES]]>
              </value>
            </param>
            <param index="1">
              <value>
                <![CDATA[END_TO_END]]>
              </value>
            </param>
            <param index="2">
              <value>
                <![CDATA[TC06_Verify_Store_Locator]]>
              </value>
            </param>
            <param index="3">
              <value>
                <![CDATA[Verify Store Locator]]>
              </value>
            </param>
            <param index="4">
              <value>
                <![CDATA[No]]>
              </value>
            </param>
            <param index="5">
              <value>
                <![CDATA[High]]>
              </value>
            </param>
          </params>
          <exception class="org.testng.SkipException">
            <message>
              <![CDATA[TC06_Verify_Store_Locator has been skipped..]]>
            </message>
            <full-stacktrace>
              <![CDATA[org.testng.SkipException: TC06_Verify_Store_Locator has been skipped..
	at com.testcases.driverscripts.Execute_MainScript.ExecuteTest(Execute_MainScript.java:311)
	at sun.reflect.NativeMethodAccessorImpl.invoke0(Native Method)
	at sun.reflect.NativeMethodAccessorImpl.invoke(Unknown Source)
	at sun.reflect.DelegatingMethodAccessorImpl.invoke(Unknown Source)
	at java.lang.reflect.Method.invoke(Unknown Source)
	at org.testng.internal.MethodInvocationHelper.invokeMethod(MethodInvocationHelper.java:86)
	at org.testng.internal.Invoker.invokeMethod(Invoker.java:643)
	at org.testng.internal.Invoker.invokeTestMethod(Invoker.java:820)
	at org.testng.internal.Invoker.invokeTestMethods(Invoker.java:1128)
	at org.testng.internal.TestMethodWorker.invokeTestMethods(TestMethodWorker.java:129)
	at org.testng.internal.TestMethodWorker.run(TestMethodWorker.java:112)
	at org.testng.TestRunner.privateRun(TestRunner.java:782)
	at org.testng.TestRunner.run(TestRunner.java:632)
	at org.testng.SuiteRunner.runTest(SuiteRunner.java:366)
	at org.testng.SuiteRunner.runSequentially(SuiteRunner.java:361)
	at org.testng.SuiteRunner.privateRun(SuiteRunner.java:319)
	at org.testng.SuiteRunner.run(SuiteRunner.java:268)
	at org.testng.SuiteRunnerWorker.runSuite(SuiteRunnerWorker.java:52)
	at org.testng.SuiteRunnerWorker.run(SuiteRunnerWorker.java:86)
	at org.testng.TestNG.runSuitesSequentially(TestNG.java:1244)
	at org.testng.TestNG.runSuitesLocally(TestNG.java:1169)
	at org.testng.TestNG.run(TestNG.java:1064)
	at org.testng.remote.AbstractRemoteTestNG.run(AbstractRemoteTestNG.java:114)
	at org.testng.remote.RemoteTestNG.initAndRun(RemoteTestNG.java:251)
	at org.testng.remote.RemoteTestNG.main(RemoteTestNG.java:77)
]]>
            </full-stacktrace>
          </exception> <!-- org.testng.SkipException -->
          <reporter-output>
          </reporter-output>
        </test-method> <!-- ExecuteTest -->
        <test-method status="PASS" signature="TestResults(org.testng.ITestResult)[pri:0, instance:com.testcases.driverscripts.Execute_MainScript@cd2dae5]" name="TestResults" is-config="true" duration-ms="0" started-at="2019-11-21T19:44:46Z" finished-at="2019-11-21T19:44:46Z">
          <params>
            <param index="0">
              <value>
                <![CDATA[[TestResult name=ExecuteTest status=SKIP method=Execute_MainScript.ExecuteTest(java.lang.String, java.lang.String, java.lang.String, java.lang.String, java.lang.String, java.lang.String)[pri:1, instance:com.testcases.driverscripts.Execute_MainScript@cd2dae5] output={null}]]]>
              </value>
            </param>
          </params>
          <reporter-output>
          </reporter-output>
        </test-method> <!-- TestResults -->
        <test-method status="PASS" signature="TestResults(org.testng.ITestResult)[pri:0, instance:com.testcases.driverscripts.Execute_MainScript@cd2dae5]" name="TestResults" is-config="true" duration-ms="4" started-at="2019-11-21T19:44:47Z" finished-at="2019-11-21T19:44:47Z">
          <params>
            <param index="0">
              <value>
                <![CDATA[[TestResult name=ExecuteTest status=SKIP method=Execute_MainScript.ExecuteTest(java.lang.String, java.lang.String, java.lang.String, java.lang.String, java.lang.String, java.lang.String)[pri:1, instance:com.testcases.driverscripts.Execute_MainScript@cd2dae5] output={null}]]]>
              </value>
            </param>
          </params>
          <reporter-output>
          </reporter-output>
        </test-method> <!-- TestResults -->
        <test-method status="SKIP" signature="ExecuteTest(java.lang.String, java.lang.String, java.lang.String, java.lang.String, java.lang.String, java.lang.String)[pri:1, instance:com.testcases.driverscripts.Execute_MainScript@cd2dae5]" name="ExecuteTest" duration-ms="28" started-at="2019-11-21T19:44:47Z" data-provider="Fetch_Master_data" finished-at="2019-11-21T19:44:47Z">
          <params>
            <param index="0">
              <value>
                <![CDATA[ALL_PAGES]]>
              </value>
            </param>
            <param index="1">
              <value>
                <![CDATA[END_TO_END]]>
              </value>
            </param>
            <param index="2">
              <value>
                <![CDATA[TC07_Verify_MyaccountSection_1]]>
              </value>
            </param>
            <param index="3">
              <value>
                <![CDATA[Verify options present in MYAccount Section - Order history , Credit card & Subscriptions]]>
              </value>
            </param>
            <param index="4">
              <value>
                <![CDATA[No]]>
              </value>
            </param>
            <param index="5">
              <value>
                <![CDATA[High]]>
              </value>
            </param>
          </params>
          <exception class="org.testng.SkipException">
            <message>
              <![CDATA[TC07_Verify_MyaccountSection_1 has been skipped..]]>
            </message>
            <full-stacktrace>
              <![CDATA[org.testng.SkipException: TC07_Verify_MyaccountSection_1 has been skipped..
	at com.testcases.driverscripts.Execute_MainScript.ExecuteTest(Execute_MainScript.java:311)
	at sun.reflect.NativeMethodAccessorImpl.invoke0(Native Method)
	at sun.reflect.NativeMethodAccessorImpl.invoke(Unknown Source)
	at sun.reflect.DelegatingMethodAccessorImpl.invoke(Unknown Source)
	at java.lang.reflect.Method.invoke(Unknown Source)
	at org.testng.internal.MethodInvocationHelper.invokeMethod(MethodInvocationHelper.java:86)
	at org.testng.internal.Invoker.invokeMethod(Invoker.java:643)
	at org.testng.internal.Invoker.invokeTestMethod(Invoker.java:820)
	at org.testng.internal.Invoker.invokeTestMethods(Invoker.java:1128)
	at org.testng.internal.TestMethodWorker.invokeTestMethods(TestMethodWorker.java:129)
	at org.testng.internal.TestMethodWorker.run(TestMethodWorker.java:112)
	at org.testng.TestRunner.privateRun(TestRunner.java:782)
	at org.testng.TestRunner.run(TestRunner.java:632)
	at org.testng.SuiteRunner.runTest(SuiteRunner.java:366)
	at org.testng.SuiteRunner.runSequentially(SuiteRunner.java:361)
	at org.testng.SuiteRunner.privateRun(SuiteRunner.java:319)
	at org.testng.SuiteRunner.run(SuiteRunner.java:268)
	at org.testng.SuiteRunnerWorker.runSuite(SuiteRunnerWorker.java:52)
	at org.testng.SuiteRunnerWorker.run(SuiteRunnerWorker.java:86)
	at org.testng.TestNG.runSuitesSequentially(TestNG.java:1244)
	at org.testng.TestNG.runSuitesLocally(TestNG.java:1169)
	at org.testng.TestNG.run(TestNG.java:1064)
	at org.testng.remote.AbstractRemoteTestNG.run(AbstractRemoteTestNG.java:114)
	at org.testng.remote.RemoteTestNG.initAndRun(RemoteTestNG.java:251)
	at org.testng.remote.RemoteTestNG.main(RemoteTestNG.java:77)
]]>
            </full-stacktrace>
          </exception> <!-- org.testng.SkipException -->
          <reporter-output>
          </reporter-output>
        </test-method> <!-- ExecuteTest -->
        <test-method status="SKIP" signature="ExecuteTest(java.lang.String, java.lang.String, java.lang.String, java.lang.String, java.lang.String, java.lang.String)[pri:1, instance:com.testcases.driverscripts.Execute_MainScript@cd2dae5]" name="ExecuteTest" duration-ms="29" started-at="2019-11-21T19:44:47Z" data-provider="Fetch_Master_data" finished-at="2019-11-21T19:44:47Z">
          <params>
            <param index="0">
              <value>
                <![CDATA[ALL_PAGES]]>
              </value>
            </param>
            <param index="1">
              <value>
                <![CDATA[END_TO_END]]>
              </value>
            </param>
            <param index="2">
              <value>
                <![CDATA[TC07_Verify_MyaccountSection_2]]>
              </value>
            </param>
            <param index="3">
              <value>
                <![CDATA[Verify options present in MYAccount Section - Address book , Profile , Communication address & Wishlist]]>
              </value>
            </param>
            <param index="4">
              <value>
                <![CDATA[No]]>
              </value>
            </param>
            <param index="5">
              <value>
                <![CDATA[High]]>
              </value>
            </param>
          </params>
          <exception class="org.testng.SkipException">
            <message>
              <![CDATA[TC07_Verify_MyaccountSection_2 has been skipped..]]>
            </message>
            <full-stacktrace>
              <![CDATA[org.testng.SkipException: TC07_Verify_MyaccountSection_2 has been skipped..
	at com.testcases.driverscripts.Execute_MainScript.ExecuteTest(Execute_MainScript.java:311)
	at sun.reflect.NativeMethodAccessorImpl.invoke0(Native Method)
	at sun.reflect.NativeMethodAccessorImpl.invoke(Unknown Source)
	at sun.reflect.DelegatingMethodAccessorImpl.invoke(Unknown Source)
	at java.lang.reflect.Method.invoke(Unknown Source)
	at org.testng.internal.MethodInvocationHelper.invokeMethod(MethodInvocationHelper.java:86)
	at org.testng.internal.Invoker.invokeMethod(Invoker.java:643)
	at org.testng.internal.Invoker.invokeTestMethod(Invoker.java:820)
	at org.testng.internal.Invoker.invokeTestMethods(Invoker.java:1128)
	at org.testng.internal.TestMethodWorker.invokeTestMethods(TestMethodWorker.java:129)
	at org.testng.internal.TestMethodWorker.run(TestMethodWorker.java:112)
	at org.testng.TestRunner.privateRun(TestRunner.java:782)
	at org.testng.TestRunner.run(TestRunner.java:632)
	at org.testng.SuiteRunner.runTest(SuiteRunner.java:366)
	at org.testng.SuiteRunner.runSequentially(SuiteRunner.java:361)
	at org.testng.SuiteRunner.privateRun(SuiteRunner.java:319)
	at org.testng.SuiteRunner.run(SuiteRunner.java:268)
	at org.testng.SuiteRunnerWorker.runSuite(SuiteRunnerWorker.java:52)
	at org.testng.SuiteRunnerWorker.run(SuiteRunnerWorker.java:86)
	at org.testng.TestNG.runSuitesSequentially(TestNG.java:1244)
	at org.testng.TestNG.runSuitesLocally(TestNG.java:1169)
	at org.testng.TestNG.run(TestNG.java:1064)
	at org.testng.remote.AbstractRemoteTestNG.run(AbstractRemoteTestNG.java:114)
	at org.testng.remote.RemoteTestNG.initAndRun(RemoteTestNG.java:251)
	at org.testng.remote.RemoteTestNG.main(RemoteTestNG.java:77)
]]>
            </full-stacktrace>
          </exception> <!-- org.testng.SkipException -->
          <reporter-output>
          </reporter-output>
        </test-method> <!-- ExecuteTest -->
        <test-method status="PASS" signature="TestResults(org.testng.ITestResult)[pri:0, instance:com.testcases.driverscripts.Execute_MainScript@cd2dae5]" name="TestResults" is-config="true" duration-ms="0" started-at="2019-11-21T19:44:47Z" finished-at="2019-11-21T19:44:47Z">
          <params>
            <param index="0">
              <value>
                <![CDATA[[TestResult name=ExecuteTest status=SKIP method=Execute_MainScript.ExecuteTest(java.lang.String, java.lang.String, java.lang.String, java.lang.String, java.lang.String, java.lang.String)[pri:1, instance:com.testcases.driverscripts.Execute_MainScript@cd2dae5] output={null}]]]>
              </value>
            </param>
          </params>
          <reporter-output>
          </reporter-output>
        </test-method> <!-- TestResults -->
        <test-method status="SKIP" signature="ExecuteTest(java.lang.String, java.lang.String, java.lang.String, java.lang.String, java.lang.String, java.lang.String)[pri:1, instance:com.testcases.driverscripts.Execute_MainScript@cd2dae5]" name="ExecuteTest" duration-ms="25" started-at="2019-11-21T19:44:47Z" data-provider="Fetch_Master_data" finished-at="2019-11-21T19:44:47Z">
          <params>
            <param index="0">
              <value>
                <![CDATA[ALL_PAGES]]>
              </value>
            </param>
            <param index="1">
              <value>
                <![CDATA[END_TO_END]]>
              </value>
            </param>
            <param index="2">
              <value>
                <![CDATA[TC08_Verify_CartOperations]]>
              </value>
            </param>
            <param index="3">
              <value>
                <![CDATA[Verify cart page]]>
              </value>
            </param>
            <param index="4">
              <value>
                <![CDATA[No]]>
              </value>
            </param>
            <param index="5">
              <value>
                <![CDATA[High]]>
              </value>
            </param>
          </params>
          <exception class="org.testng.SkipException">
            <message>
              <![CDATA[TC08_Verify_CartOperations has been skipped..]]>
            </message>
            <full-stacktrace>
              <![CDATA[org.testng.SkipException: TC08_Verify_CartOperations has been skipped..
	at com.testcases.driverscripts.Execute_MainScript.ExecuteTest(Execute_MainScript.java:311)
	at sun.reflect.NativeMethodAccessorImpl.invoke0(Native Method)
	at sun.reflect.NativeMethodAccessorImpl.invoke(Unknown Source)
	at sun.reflect.DelegatingMethodAccessorImpl.invoke(Unknown Source)
	at java.lang.reflect.Method.invoke(Unknown Source)
	at org.testng.internal.MethodInvocationHelper.invokeMethod(MethodInvocationHelper.java:86)
	at org.testng.internal.Invoker.invokeMethod(Invoker.java:643)
	at org.testng.internal.Invoker.invokeTestMethod(Invoker.java:820)
	at org.testng.internal.Invoker.invokeTestMethods(Invoker.java:1128)
	at org.testng.internal.TestMethodWorker.invokeTestMethods(TestMethodWorker.java:129)
	at org.testng.internal.TestMethodWorker.run(TestMethodWorker.java:112)
	at org.testng.TestRunner.privateRun(TestRunner.java:782)
	at org.testng.TestRunner.run(TestRunner.java:632)
	at org.testng.SuiteRunner.runTest(SuiteRunner.java:366)
	at org.testng.SuiteRunner.runSequentially(SuiteRunner.java:361)
	at org.testng.SuiteRunner.privateRun(SuiteRunner.java:319)
	at org.testng.SuiteRunner.run(SuiteRunner.java:268)
	at org.testng.SuiteRunnerWorker.runSuite(SuiteRunnerWorker.java:52)
	at org.testng.SuiteRunnerWorker.run(SuiteRunnerWorker.java:86)
	at org.testng.TestNG.runSuitesSequentially(TestNG.java:1244)
	at org.testng.TestNG.runSuitesLocally(TestNG.java:1169)
	at org.testng.TestNG.run(TestNG.java:1064)
	at org.testng.remote.AbstractRemoteTestNG.run(AbstractRemoteTestNG.java:114)
	at org.testng.remote.RemoteTestNG.initAndRun(RemoteTestNG.java:251)
	at org.testng.remote.RemoteTestNG.main(RemoteTestNG.java:77)
]]>
            </full-stacktrace>
          </exception> <!-- org.testng.SkipException -->
          <reporter-output>
          </reporter-output>
        </test-method> <!-- ExecuteTest -->
        <test-method status="PASS" signature="TestResults(org.testng.ITestResult)[pri:0, instance:com.testcases.driverscripts.Execute_MainScript@cd2dae5]" name="TestResults" is-config="true" duration-ms="0" started-at="2019-11-21T19:44:47Z" finished-at="2019-11-21T19:44:47Z">
          <params>
            <param index="0">
              <value>
                <![CDATA[[TestResult name=ExecuteTest status=SKIP method=Execute_MainScript.ExecuteTest(java.lang.String, java.lang.String, java.lang.String, java.lang.String, java.lang.String, java.lang.String)[pri:1, instance:com.testcases.driverscripts.Execute_MainScript@cd2dae5] output={null}]]]>
              </value>
            </param>
          </params>
          <reporter-output>
          </reporter-output>
        </test-method> <!-- TestResults -->
        <test-method status="SKIP" signature="ExecuteTest(java.lang.String, java.lang.String, java.lang.String, java.lang.String, java.lang.String, java.lang.String)[pri:1, instance:com.testcases.driverscripts.Execute_MainScript@cd2dae5]" name="ExecuteTest" duration-ms="26" started-at="2019-11-21T19:44:47Z" data-provider="Fetch_Master_data" finished-at="2019-11-21T19:44:47Z">
          <params>
            <param index="0">
              <value>
                <![CDATA[ALL_PAGES]]>
              </value>
            </param>
            <param index="1">
              <value>
                <![CDATA[END_TO_END]]>
              </value>
            </param>
            <param index="2">
              <value>
                <![CDATA[TC09_Verify_MiniCart]]>
              </value>
            </param>
            <param index="3">
              <value>
                <![CDATA[Minicart Check]]>
              </value>
            </param>
            <param index="4">
              <value>
                <![CDATA[No]]>
              </value>
            </param>
            <param index="5">
              <value>
                <![CDATA[High]]>
              </value>
            </param>
          </params>
          <exception class="org.testng.SkipException">
            <message>
              <![CDATA[TC09_Verify_MiniCart has been skipped..]]>
            </message>
            <full-stacktrace>
              <![CDATA[org.testng.SkipException: TC09_Verify_MiniCart has been skipped..
	at com.testcases.driverscripts.Execute_MainScript.ExecuteTest(Execute_MainScript.java:311)
	at sun.reflect.NativeMethodAccessorImpl.invoke0(Native Method)
	at sun.reflect.NativeMethodAccessorImpl.invoke(Unknown Source)
	at sun.reflect.DelegatingMethodAccessorImpl.invoke(Unknown Source)
	at java.lang.reflect.Method.invoke(Unknown Source)
	at org.testng.internal.MethodInvocationHelper.invokeMethod(MethodInvocationHelper.java:86)
	at org.testng.internal.Invoker.invokeMethod(Invoker.java:643)
	at org.testng.internal.Invoker.invokeTestMethod(Invoker.java:820)
	at org.testng.internal.Invoker.invokeTestMethods(Invoker.java:1128)
	at org.testng.internal.TestMethodWorker.invokeTestMethods(TestMethodWorker.java:129)
	at org.testng.internal.TestMethodWorker.run(TestMethodWorker.java:112)
	at org.testng.TestRunner.privateRun(TestRunner.java:782)
	at org.testng.TestRunner.run(TestRunner.java:632)
	at org.testng.SuiteRunner.runTest(SuiteRunner.java:366)
	at org.testng.SuiteRunner.runSequentially(SuiteRunner.java:361)
	at org.testng.SuiteRunner.privateRun(SuiteRunner.java:319)
	at org.testng.SuiteRunner.run(SuiteRunner.java:268)
	at org.testng.SuiteRunnerWorker.runSuite(SuiteRunnerWorker.java:52)
	at org.testng.SuiteRunnerWorker.run(SuiteRunnerWorker.java:86)
	at org.testng.TestNG.runSuitesSequentially(TestNG.java:1244)
	at org.testng.TestNG.runSuitesLocally(TestNG.java:1169)
	at org.testng.TestNG.run(TestNG.java:1064)
	at org.testng.remote.AbstractRemoteTestNG.run(AbstractRemoteTestNG.java:114)
	at org.testng.remote.RemoteTestNG.initAndRun(RemoteTestNG.java:251)
	at org.testng.remote.RemoteTestNG.main(RemoteTestNG.java:77)
]]>
            </full-stacktrace>
          </exception> <!-- org.testng.SkipException -->
          <reporter-output>
          </reporter-output>
        </test-method> <!-- ExecuteTest -->
        <test-method status="PASS" signature="TestResults(org.testng.ITestResult)[pri:0, instance:com.testcases.driverscripts.Execute_MainScript@cd2dae5]" name="TestResults" is-config="true" duration-ms="0" started-at="2019-11-21T19:44:47Z" finished-at="2019-11-21T19:44:47Z">
          <params>
            <param index="0">
              <value>
                <![CDATA[[TestResult name=ExecuteTest status=SKIP method=Execute_MainScript.ExecuteTest(java.lang.String, java.lang.String, java.lang.String, java.lang.String, java.lang.String, java.lang.String)[pri:1, instance:com.testcases.driverscripts.Execute_MainScript@cd2dae5] output={null}]]]>
              </value>
            </param>
          </params>
          <reporter-output>
          </reporter-output>
        </test-method> <!-- TestResults -->
        <test-method status="SKIP" signature="ExecuteTest(java.lang.String, java.lang.String, java.lang.String, java.lang.String, java.lang.String, java.lang.String)[pri:1, instance:com.testcases.driverscripts.Execute_MainScript@cd2dae5]" name="ExecuteTest" duration-ms="20" started-at="2019-11-21T19:44:47Z" data-provider="Fetch_Master_data" finished-at="2019-11-21T19:44:47Z">
          <params>
            <param index="0">
              <value>
                <![CDATA[ALL_PAGES]]>
              </value>
            </param>
            <param index="1">
              <value>
                <![CDATA[END_TO_END]]>
              </value>
            </param>
            <param index="2">
              <value>
                <![CDATA[TC10_Search]]>
              </value>
            </param>
            <param index="3">
              <value>
                <![CDATA[Search ]]>
              </value>
            </param>
            <param index="4">
              <value>
                <![CDATA[No]]>
              </value>
            </param>
            <param index="5">
              <value>
                <![CDATA[High]]>
              </value>
            </param>
          </params>
          <exception class="org.testng.SkipException">
            <message>
              <![CDATA[TC10_Search has been skipped..]]>
            </message>
            <full-stacktrace>
              <![CDATA[org.testng.SkipException: TC10_Search has been skipped..
	at com.testcases.driverscripts.Execute_MainScript.ExecuteTest(Execute_MainScript.java:311)
	at sun.reflect.NativeMethodAccessorImpl.invoke0(Native Method)
	at sun.reflect.NativeMethodAccessorImpl.invoke(Unknown Source)
	at sun.reflect.DelegatingMethodAccessorImpl.invoke(Unknown Source)
	at java.lang.reflect.Method.invoke(Unknown Source)
	at org.testng.internal.MethodInvocationHelper.invokeMethod(MethodInvocationHelper.java:86)
	at org.testng.internal.Invoker.invokeMethod(Invoker.java:643)
	at org.testng.internal.Invoker.invokeTestMethod(Invoker.java:820)
	at org.testng.internal.Invoker.invokeTestMethods(Invoker.java:1128)
	at org.testng.internal.TestMethodWorker.invokeTestMethods(TestMethodWorker.java:129)
	at org.testng.internal.TestMethodWorker.run(TestMethodWorker.java:112)
	at org.testng.TestRunner.privateRun(TestRunner.java:782)
	at org.testng.TestRunner.run(TestRunner.java:632)
	at org.testng.SuiteRunner.runTest(SuiteRunner.java:366)
	at org.testng.SuiteRunner.runSequentially(SuiteRunner.java:361)
	at org.testng.SuiteRunner.privateRun(SuiteRunner.java:319)
	at org.testng.SuiteRunner.run(SuiteRunner.java:268)
	at org.testng.SuiteRunnerWorker.runSuite(SuiteRunnerWorker.java:52)
	at org.testng.SuiteRunnerWorker.run(SuiteRunnerWorker.java:86)
	at org.testng.TestNG.runSuitesSequentially(TestNG.java:1244)
	at org.testng.TestNG.runSuitesLocally(TestNG.java:1169)
	at org.testng.TestNG.run(TestNG.java:1064)
	at org.testng.remote.AbstractRemoteTestNG.run(AbstractRemoteTestNG.java:114)
	at org.testng.remote.RemoteTestNG.initAndRun(RemoteTestNG.java:251)
	at org.testng.remote.RemoteTestNG.main(RemoteTestNG.java:77)
]]>
            </full-stacktrace>
          </exception> <!-- org.testng.SkipException -->
          <reporter-output>
          </reporter-output>
        </test-method> <!-- ExecuteTest -->
        <test-method status="PASS" signature="TestResults(org.testng.ITestResult)[pri:0, instance:com.testcases.driverscripts.Execute_MainScript@cd2dae5]" name="TestResults" is-config="true" duration-ms="0" started-at="2019-11-21T19:44:47Z" finished-at="2019-11-21T19:44:47Z">
          <params>
            <param index="0">
              <value>
                <![CDATA[[TestResult name=ExecuteTest status=SKIP method=Execute_MainScript.ExecuteTest(java.lang.String, java.lang.String, java.lang.String, java.lang.String, java.lang.String, java.lang.String)[pri:1, instance:com.testcases.driverscripts.Execute_MainScript@cd2dae5] output={null}]]]>
              </value>
            </param>
          </params>
          <reporter-output>
          </reporter-output>
        </test-method> <!-- TestResults -->
        <test-method status="PASS" signature="TestResults(org.testng.ITestResult)[pri:0, instance:com.testcases.driverscripts.Execute_MainScript@cd2dae5]" name="TestResults" is-config="true" duration-ms="0" started-at="2019-11-21T19:44:47Z" finished-at="2019-11-21T19:44:47Z">
          <params>
            <param index="0">
              <value>
                <![CDATA[[TestResult name=ExecuteTest status=SKIP method=Execute_MainScript.ExecuteTest(java.lang.String, java.lang.String, java.lang.String, java.lang.String, java.lang.String, java.lang.String)[pri:1, instance:com.testcases.driverscripts.Execute_MainScript@cd2dae5] output={null}]]]>
              </value>
            </param>
          </params>
          <reporter-output>
          </reporter-output>
        </test-method> <!-- TestResults -->
        <test-method status="SKIP" signature="ExecuteTest(java.lang.String, java.lang.String, java.lang.String, java.lang.String, java.lang.String, java.lang.String)[pri:1, instance:com.testcases.driverscripts.Execute_MainScript@cd2dae5]" name="ExecuteTest" duration-ms="23" started-at="2019-11-21T19:44:47Z" data-provider="Fetch_Master_data" finished-at="2019-11-21T19:44:47Z">
          <params>
            <param index="0">
              <value>
                <![CDATA[ALL_PAGES]]>
              </value>
            </param>
            <param index="1">
              <value>
                <![CDATA[END_TO_END]]>
              </value>
            </param>
            <param index="2">
              <value>
                <![CDATA[TC11_Verify_CheckOut_SingleShipping]]>
              </value>
            </param>
            <param index="3">
              <value>
                <![CDATA[Verify CheckOut - Single Shipping]]>
              </value>
            </param>
            <param index="4">
              <value>
                <![CDATA[No]]>
              </value>
            </param>
            <param index="5">
              <value>
                <![CDATA[High]]>
              </value>
            </param>
          </params>
          <exception class="org.testng.SkipException">
            <message>
              <![CDATA[TC11_Verify_CheckOut_SingleShipping has been skipped..]]>
            </message>
            <full-stacktrace>
              <![CDATA[org.testng.SkipException: TC11_Verify_CheckOut_SingleShipping has been skipped..
	at com.testcases.driverscripts.Execute_MainScript.ExecuteTest(Execute_MainScript.java:311)
	at sun.reflect.NativeMethodAccessorImpl.invoke0(Native Method)
	at sun.reflect.NativeMethodAccessorImpl.invoke(Unknown Source)
	at sun.reflect.DelegatingMethodAccessorImpl.invoke(Unknown Source)
	at java.lang.reflect.Method.invoke(Unknown Source)
	at org.testng.internal.MethodInvocationHelper.invokeMethod(MethodInvocationHelper.java:86)
	at org.testng.internal.Invoker.invokeMethod(Invoker.java:643)
	at org.testng.internal.Invoker.invokeTestMethod(Invoker.java:820)
	at org.testng.internal.Invoker.invokeTestMethods(Invoker.java:1128)
	at org.testng.internal.TestMethodWorker.invokeTestMethods(TestMethodWorker.java:129)
	at org.testng.internal.TestMethodWorker.run(TestMethodWorker.java:112)
	at org.testng.TestRunner.privateRun(TestRunner.java:782)
	at org.testng.TestRunner.run(TestRunner.java:632)
	at org.testng.SuiteRunner.runTest(SuiteRunner.java:366)
	at org.testng.SuiteRunner.runSequentially(SuiteRunner.java:361)
	at org.testng.SuiteRunner.privateRun(SuiteRunner.java:319)
	at org.testng.SuiteRunner.run(SuiteRunner.java:268)
	at org.testng.SuiteRunnerWorker.runSuite(SuiteRunnerWorker.java:52)
	at org.testng.SuiteRunnerWorker.run(SuiteRunnerWorker.java:86)
	at org.testng.TestNG.runSuitesSequentially(TestNG.java:1244)
	at org.testng.TestNG.runSuitesLocally(TestNG.java:1169)
	at org.testng.TestNG.run(TestNG.java:1064)
	at org.testng.remote.AbstractRemoteTestNG.run(AbstractRemoteTestNG.java:114)
	at org.testng.remote.RemoteTestNG.initAndRun(RemoteTestNG.java:251)
	at org.testng.remote.RemoteTestNG.main(RemoteTestNG.java:77)
]]>
            </full-stacktrace>
          </exception> <!-- org.testng.SkipException -->
          <reporter-output>
          </reporter-output>
        </test-method> <!-- ExecuteTest -->
        <test-method status="SKIP" signature="ExecuteTest(java.lang.String, java.lang.String, java.lang.String, java.lang.String, java.lang.String, java.lang.String)[pri:1, instance:com.testcases.driverscripts.Execute_MainScript@cd2dae5]" name="ExecuteTest" duration-ms="17" started-at="2019-11-21T19:44:47Z" data-provider="Fetch_Master_data" finished-at="2019-11-21T19:44:47Z">
          <params>
            <param index="0">
              <value>
                <![CDATA[ALL_PAGES]]>
              </value>
            </param>
            <param index="1">
              <value>
                <![CDATA[END_TO_END]]>
              </value>
            </param>
            <param index="2">
              <value>
                <![CDATA[TC12_Verify_CheckOut_Using_Giftcard]]>
              </value>
            </param>
            <param index="3">
              <value>
                <![CDATA[Verify CheckOut Using Giftcard]]>
              </value>
            </param>
            <param index="4">
              <value>
                <![CDATA[No]]>
              </value>
            </param>
            <param index="5">
              <value>
                <![CDATA[High]]>
              </value>
            </param>
          </params>
          <exception class="org.testng.SkipException">
            <message>
              <![CDATA[TC12_Verify_CheckOut_Using_Giftcard has been skipped..]]>
            </message>
            <full-stacktrace>
              <![CDATA[org.testng.SkipException: TC12_Verify_CheckOut_Using_Giftcard has been skipped..
	at com.testcases.driverscripts.Execute_MainScript.ExecuteTest(Execute_MainScript.java:311)
	at sun.reflect.NativeMethodAccessorImpl.invoke0(Native Method)
	at sun.reflect.NativeMethodAccessorImpl.invoke(Unknown Source)
	at sun.reflect.DelegatingMethodAccessorImpl.invoke(Unknown Source)
	at java.lang.reflect.Method.invoke(Unknown Source)
	at org.testng.internal.MethodInvocationHelper.invokeMethod(MethodInvocationHelper.java:86)
	at org.testng.internal.Invoker.invokeMethod(Invoker.java:643)
	at org.testng.internal.Invoker.invokeTestMethod(Invoker.java:820)
	at org.testng.internal.Invoker.invokeTestMethods(Invoker.java:1128)
	at org.testng.internal.TestMethodWorker.invokeTestMethods(TestMethodWorker.java:129)
	at org.testng.internal.TestMethodWorker.run(TestMethodWorker.java:112)
	at org.testng.TestRunner.privateRun(TestRunner.java:782)
	at org.testng.TestRunner.run(TestRunner.java:632)
	at org.testng.SuiteRunner.runTest(SuiteRunner.java:366)
	at org.testng.SuiteRunner.runSequentially(SuiteRunner.java:361)
	at org.testng.SuiteRunner.privateRun(SuiteRunner.java:319)
	at org.testng.SuiteRunner.run(SuiteRunner.java:268)
	at org.testng.SuiteRunnerWorker.runSuite(SuiteRunnerWorker.java:52)
	at org.testng.SuiteRunnerWorker.run(SuiteRunnerWorker.java:86)
	at org.testng.TestNG.runSuitesSequentially(TestNG.java:1244)
	at org.testng.TestNG.runSuitesLocally(TestNG.java:1169)
	at org.testng.TestNG.run(TestNG.java:1064)
	at org.testng.remote.AbstractRemoteTestNG.run(AbstractRemoteTestNG.java:114)
	at org.testng.remote.RemoteTestNG.initAndRun(RemoteTestNG.java:251)
	at org.testng.remote.RemoteTestNG.main(RemoteTestNG.java:77)
]]>
            </full-stacktrace>
          </exception> <!-- org.testng.SkipException -->
          <reporter-output>
          </reporter-output>
        </test-method> <!-- ExecuteTest -->
        <test-method status="PASS" signature="TestResults(org.testng.ITestResult)[pri:0, instance:com.testcases.driverscripts.Execute_MainScript@cd2dae5]" name="TestResults" is-config="true" duration-ms="0" started-at="2019-11-21T19:44:47Z" finished-at="2019-11-21T19:44:47Z">
          <params>
            <param index="0">
              <value>
                <![CDATA[[TestResult name=ExecuteTest status=SKIP method=Execute_MainScript.ExecuteTest(java.lang.String, java.lang.String, java.lang.String, java.lang.String, java.lang.String, java.lang.String)[pri:1, instance:com.testcases.driverscripts.Execute_MainScript@cd2dae5] output={null}]]]>
              </value>
            </param>
          </params>
          <reporter-output>
          </reporter-output>
        </test-method> <!-- TestResults -->
        <test-method status="PASS" signature="TestResults(org.testng.ITestResult)[pri:0, instance:com.testcases.driverscripts.Execute_MainScript@cd2dae5]" name="TestResults" is-config="true" duration-ms="4" started-at="2019-11-21T19:44:47Z" finished-at="2019-11-21T19:44:47Z">
          <params>
            <param index="0">
              <value>
                <![CDATA[[TestResult name=ExecuteTest status=SKIP method=Execute_MainScript.ExecuteTest(java.lang.String, java.lang.String, java.lang.String, java.lang.String, java.lang.String, java.lang.String)[pri:1, instance:com.testcases.driverscripts.Execute_MainScript@cd2dae5] output={null}]]]>
              </value>
            </param>
          </params>
          <reporter-output>
          </reporter-output>
        </test-method> <!-- TestResults -->
        <test-method status="SKIP" signature="ExecuteTest(java.lang.String, java.lang.String, java.lang.String, java.lang.String, java.lang.String, java.lang.String)[pri:1, instance:com.testcases.driverscripts.Execute_MainScript@cd2dae5]" name="ExecuteTest" duration-ms="20" started-at="2019-11-21T19:44:47Z" data-provider="Fetch_Master_data" finished-at="2019-11-21T19:44:47Z">
          <params>
            <param index="0">
              <value>
                <![CDATA[ALL_PAGES]]>
              </value>
            </param>
            <param index="1">
              <value>
                <![CDATA[END_TO_END]]>
              </value>
            </param>
            <param index="2">
              <value>
                <![CDATA[TC13_Verify_CheckOut_SingleShip_multiItems]]>
              </value>
            </param>
            <param index="3">
              <value>
                <![CDATA[Verify CheckOut SingleShip multiItems]]>
              </value>
            </param>
            <param index="4">
              <value>
                <![CDATA[No]]>
              </value>
            </param>
            <param index="5">
              <value>
                <![CDATA[High]]>
              </value>
            </param>
          </params>
          <exception class="org.testng.SkipException">
            <message>
              <![CDATA[TC13_Verify_CheckOut_SingleShip_multiItems has been skipped..]]>
            </message>
            <full-stacktrace>
              <![CDATA[org.testng.SkipException: TC13_Verify_CheckOut_SingleShip_multiItems has been skipped..
	at com.testcases.driverscripts.Execute_MainScript.ExecuteTest(Execute_MainScript.java:311)
	at sun.reflect.NativeMethodAccessorImpl.invoke0(Native Method)
	at sun.reflect.NativeMethodAccessorImpl.invoke(Unknown Source)
	at sun.reflect.DelegatingMethodAccessorImpl.invoke(Unknown Source)
	at java.lang.reflect.Method.invoke(Unknown Source)
	at org.testng.internal.MethodInvocationHelper.invokeMethod(MethodInvocationHelper.java:86)
	at org.testng.internal.Invoker.invokeMethod(Invoker.java:643)
	at org.testng.internal.Invoker.invokeTestMethod(Invoker.java:820)
	at org.testng.internal.Invoker.invokeTestMethods(Invoker.java:1128)
	at org.testng.internal.TestMethodWorker.invokeTestMethods(TestMethodWorker.java:129)
	at org.testng.internal.TestMethodWorker.run(TestMethodWorker.java:112)
	at org.testng.TestRunner.privateRun(TestRunner.java:782)
	at org.testng.TestRunner.run(TestRunner.java:632)
	at org.testng.SuiteRunner.runTest(SuiteRunner.java:366)
	at org.testng.SuiteRunner.runSequentially(SuiteRunner.java:361)
	at org.testng.SuiteRunner.privateRun(SuiteRunner.java:319)
	at org.testng.SuiteRunner.run(SuiteRunner.java:268)
	at org.testng.SuiteRunnerWorker.runSuite(SuiteRunnerWorker.java:52)
	at org.testng.SuiteRunnerWorker.run(SuiteRunnerWorker.java:86)
	at org.testng.TestNG.runSuitesSequentially(TestNG.java:1244)
	at org.testng.TestNG.runSuitesLocally(TestNG.java:1169)
	at org.testng.TestNG.run(TestNG.java:1064)
	at org.testng.remote.AbstractRemoteTestNG.run(AbstractRemoteTestNG.java:114)
	at org.testng.remote.RemoteTestNG.initAndRun(RemoteTestNG.java:251)
	at org.testng.remote.RemoteTestNG.main(RemoteTestNG.java:77)
]]>
            </full-stacktrace>
          </exception> <!-- org.testng.SkipException -->
          <reporter-output>
          </reporter-output>
        </test-method> <!-- ExecuteTest -->
        <test-method status="PASS" signature="TestResults(org.testng.ITestResult)[pri:0, instance:com.testcases.driverscripts.Execute_MainScript@cd2dae5]" name="TestResults" is-config="true" duration-ms="0" started-at="2019-11-21T19:44:47Z" finished-at="2019-11-21T19:44:47Z">
          <params>
            <param index="0">
              <value>
                <![CDATA[[TestResult name=ExecuteTest status=SKIP method=Execute_MainScript.ExecuteTest(java.lang.String, java.lang.String, java.lang.String, java.lang.String, java.lang.String, java.lang.String)[pri:1, instance:com.testcases.driverscripts.Execute_MainScript@cd2dae5] output={null}]]]>
              </value>
            </param>
          </params>
          <reporter-output>
          </reporter-output>
        </test-method> <!-- TestResults -->
        <test-method status="SKIP" signature="ExecuteTest(java.lang.String, java.lang.String, java.lang.String, java.lang.String, java.lang.String, java.lang.String)[pri:1, instance:com.testcases.driverscripts.Execute_MainScript@cd2dae5]" name="ExecuteTest" duration-ms="19" started-at="2019-11-21T19:44:47Z" data-provider="Fetch_Master_data" finished-at="2019-11-21T19:44:47Z">
          <params>
            <param index="0">
              <value>
                <![CDATA[ALL_PAGES]]>
              </value>
            </param>
            <param index="1">
              <value>
                <![CDATA[END_TO_END]]>
              </value>
            </param>
            <param index="2">
              <value>
                <![CDATA[TC14_Verify_CheckOut_PickUp_InStore]]>
              </value>
            </param>
            <param index="3">
              <value>
                <![CDATA[Verify checkout using Pick up in store method]]>
              </value>
            </param>
            <param index="4">
              <value>
                <![CDATA[No]]>
              </value>
            </param>
            <param index="5">
              <value>
                <![CDATA[High]]>
              </value>
            </param>
          </params>
          <exception class="org.testng.SkipException">
            <message>
              <![CDATA[TC14_Verify_CheckOut_PickUp_InStore has been skipped..]]>
            </message>
            <full-stacktrace>
              <![CDATA[org.testng.SkipException: TC14_Verify_CheckOut_PickUp_InStore has been skipped..
	at com.testcases.driverscripts.Execute_MainScript.ExecuteTest(Execute_MainScript.java:311)
	at sun.reflect.NativeMethodAccessorImpl.invoke0(Native Method)
	at sun.reflect.NativeMethodAccessorImpl.invoke(Unknown Source)
	at sun.reflect.DelegatingMethodAccessorImpl.invoke(Unknown Source)
	at java.lang.reflect.Method.invoke(Unknown Source)
	at org.testng.internal.MethodInvocationHelper.invokeMethod(MethodInvocationHelper.java:86)
	at org.testng.internal.Invoker.invokeMethod(Invoker.java:643)
	at org.testng.internal.Invoker.invokeTestMethod(Invoker.java:820)
	at org.testng.internal.Invoker.invokeTestMethods(Invoker.java:1128)
	at org.testng.internal.TestMethodWorker.invokeTestMethods(TestMethodWorker.java:129)
	at org.testng.internal.TestMethodWorker.run(TestMethodWorker.java:112)
	at org.testng.TestRunner.privateRun(TestRunner.java:782)
	at org.testng.TestRunner.run(TestRunner.java:632)
	at org.testng.SuiteRunner.runTest(SuiteRunner.java:366)
	at org.testng.SuiteRunner.runSequentially(SuiteRunner.java:361)
	at org.testng.SuiteRunner.privateRun(SuiteRunner.java:319)
	at org.testng.SuiteRunner.run(SuiteRunner.java:268)
	at org.testng.SuiteRunnerWorker.runSuite(SuiteRunnerWorker.java:52)
	at org.testng.SuiteRunnerWorker.run(SuiteRunnerWorker.java:86)
	at org.testng.TestNG.runSuitesSequentially(TestNG.java:1244)
	at org.testng.TestNG.runSuitesLocally(TestNG.java:1169)
	at org.testng.TestNG.run(TestNG.java:1064)
	at org.testng.remote.AbstractRemoteTestNG.run(AbstractRemoteTestNG.java:114)
	at org.testng.remote.RemoteTestNG.initAndRun(RemoteTestNG.java:251)
	at org.testng.remote.RemoteTestNG.main(RemoteTestNG.java:77)
]]>
            </full-stacktrace>
          </exception> <!-- org.testng.SkipException -->
          <reporter-output>
          </reporter-output>
        </test-method> <!-- ExecuteTest -->
        <test-method status="PASS" signature="TestResults(org.testng.ITestResult)[pri:0, instance:com.testcases.driverscripts.Execute_MainScript@cd2dae5]" name="TestResults" is-config="true" duration-ms="4" started-at="2019-11-21T19:44:47Z" finished-at="2019-11-21T19:44:47Z">
          <params>
            <param index="0">
              <value>
                <![CDATA[[TestResult name=ExecuteTest status=SKIP method=Execute_MainScript.ExecuteTest(java.lang.String, java.lang.String, java.lang.String, java.lang.String, java.lang.String, java.lang.String)[pri:1, instance:com.testcases.driverscripts.Execute_MainScript@cd2dae5] output={null}]]]>
              </value>
            </param>
          </params>
          <reporter-output>
          </reporter-output>
        </test-method> <!-- TestResults -->
        <test-method status="SKIP" signature="ExecuteTest(java.lang.String, java.lang.String, java.lang.String, java.lang.String, java.lang.String, java.lang.String)[pri:1, instance:com.testcases.driverscripts.Execute_MainScript@cd2dae5]" name="ExecuteTest" duration-ms="16" started-at="2019-11-21T19:44:47Z" data-provider="Fetch_Master_data" finished-at="2019-11-21T19:44:47Z">
          <params>
            <param index="0">
              <value>
                <![CDATA[ALL_PAGES]]>
              </value>
            </param>
            <param index="1">
              <value>
                <![CDATA[END_TO_END]]>
              </value>
            </param>
            <param index="2">
              <value>
                <![CDATA[TC15_Verify_CheckOut_MultiShip]]>
              </value>
            </param>
            <param index="3">
              <value>
                <![CDATA[Verify Checkout Multiship]]>
              </value>
            </param>
            <param index="4">
              <value>
                <![CDATA[No]]>
              </value>
            </param>
            <param index="5">
              <value>
                <![CDATA[High]]>
              </value>
            </param>
          </params>
          <exception class="org.testng.SkipException">
            <message>
              <![CDATA[TC15_Verify_CheckOut_MultiShip has been skipped..]]>
            </message>
            <full-stacktrace>
              <![CDATA[org.testng.SkipException: TC15_Verify_CheckOut_MultiShip has been skipped..
	at com.testcases.driverscripts.Execute_MainScript.ExecuteTest(Execute_MainScript.java:311)
	at sun.reflect.NativeMethodAccessorImpl.invoke0(Native Method)
	at sun.reflect.NativeMethodAccessorImpl.invoke(Unknown Source)
	at sun.reflect.DelegatingMethodAccessorImpl.invoke(Unknown Source)
	at java.lang.reflect.Method.invoke(Unknown Source)
	at org.testng.internal.MethodInvocationHelper.invokeMethod(MethodInvocationHelper.java:86)
	at org.testng.internal.Invoker.invokeMethod(Invoker.java:643)
	at org.testng.internal.Invoker.invokeTestMethod(Invoker.java:820)
	at org.testng.internal.Invoker.invokeTestMethods(Invoker.java:1128)
	at org.testng.internal.TestMethodWorker.invokeTestMethods(TestMethodWorker.java:129)
	at org.testng.internal.TestMethodWorker.run(TestMethodWorker.java:112)
	at org.testng.TestRunner.privateRun(TestRunner.java:782)
	at org.testng.TestRunner.run(TestRunner.java:632)
	at org.testng.SuiteRunner.runTest(SuiteRunner.java:366)
	at org.testng.SuiteRunner.runSequentially(SuiteRunner.java:361)
	at org.testng.SuiteRunner.privateRun(SuiteRunner.java:319)
	at org.testng.SuiteRunner.run(SuiteRunner.java:268)
	at org.testng.SuiteRunnerWorker.runSuite(SuiteRunnerWorker.java:52)
	at org.testng.SuiteRunnerWorker.run(SuiteRunnerWorker.java:86)
	at org.testng.TestNG.runSuitesSequentially(TestNG.java:1244)
	at org.testng.TestNG.runSuitesLocally(TestNG.java:1169)
	at org.testng.TestNG.run(TestNG.java:1064)
	at org.testng.remote.AbstractRemoteTestNG.run(AbstractRemoteTestNG.java:114)
	at org.testng.remote.RemoteTestNG.initAndRun(RemoteTestNG.java:251)
	at org.testng.remote.RemoteTestNG.main(RemoteTestNG.java:77)
]]>
            </full-stacktrace>
          </exception> <!-- org.testng.SkipException -->
          <reporter-output>
          </reporter-output>
        </test-method> <!-- ExecuteTest -->
        <test-method status="PASS" signature="TestResults(org.testng.ITestResult)[pri:0, instance:com.testcases.driverscripts.Execute_MainScript@cd2dae5]" name="TestResults" is-config="true" duration-ms="4" started-at="2019-11-21T19:44:47Z" finished-at="2019-11-21T19:44:47Z">
          <params>
            <param index="0">
              <value>
                <![CDATA[[TestResult name=ExecuteTest status=SKIP method=Execute_MainScript.ExecuteTest(java.lang.String, java.lang.String, java.lang.String, java.lang.String, java.lang.String, java.lang.String)[pri:1, instance:com.testcases.driverscripts.Execute_MainScript@cd2dae5] output={null}]]]>
              </value>
            </param>
          </params>
          <reporter-output>
          </reporter-output>
        </test-method> <!-- TestResults -->
        <test-method status="SKIP" signature="ExecuteTest(java.lang.String, java.lang.String, java.lang.String, java.lang.String, java.lang.String, java.lang.String)[pri:1, instance:com.testcases.driverscripts.Execute_MainScript@cd2dae5]" name="ExecuteTest" duration-ms="18" started-at="2019-11-21T19:44:47Z" data-provider="Fetch_Master_data" finished-at="2019-11-21T19:44:47Z">
          <params>
            <param index="0">
              <value>
                <![CDATA[ALL_PAGES]]>
              </value>
            </param>
            <param index="1">
              <value>
                <![CDATA[END_TO_END]]>
              </value>
            </param>
            <param index="2">
              <value>
                <![CDATA[TC16_Verify_CheckOut_NewShippingAddress]]>
              </value>
            </param>
            <param index="3">
              <value>
                <![CDATA[Verify Checkout with New Shipping Address]]>
              </value>
            </param>
            <param index="4">
              <value>
                <![CDATA[No]]>
              </value>
            </param>
            <param index="5">
              <value>
                <![CDATA[High]]>
              </value>
            </param>
          </params>
          <exception class="org.testng.SkipException">
            <message>
              <![CDATA[TC16_Verify_CheckOut_NewShippingAddress has been skipped..]]>
            </message>
            <full-stacktrace>
              <![CDATA[org.testng.SkipException: TC16_Verify_CheckOut_NewShippingAddress has been skipped..
	at com.testcases.driverscripts.Execute_MainScript.ExecuteTest(Execute_MainScript.java:311)
	at sun.reflect.GeneratedMethodAccessor7.invoke(Unknown Source)
	at sun.reflect.DelegatingMethodAccessorImpl.invoke(Unknown Source)
	at java.lang.reflect.Method.invoke(Unknown Source)
	at org.testng.internal.MethodInvocationHelper.invokeMethod(MethodInvocationHelper.java:86)
	at org.testng.internal.Invoker.invokeMethod(Invoker.java:643)
	at org.testng.internal.Invoker.invokeTestMethod(Invoker.java:820)
	at org.testng.internal.Invoker.invokeTestMethods(Invoker.java:1128)
	at org.testng.internal.TestMethodWorker.invokeTestMethods(TestMethodWorker.java:129)
	at org.testng.internal.TestMethodWorker.run(TestMethodWorker.java:112)
	at org.testng.TestRunner.privateRun(TestRunner.java:782)
	at org.testng.TestRunner.run(TestRunner.java:632)
	at org.testng.SuiteRunner.runTest(SuiteRunner.java:366)
	at org.testng.SuiteRunner.runSequentially(SuiteRunner.java:361)
	at org.testng.SuiteRunner.privateRun(SuiteRunner.java:319)
	at org.testng.SuiteRunner.run(SuiteRunner.java:268)
	at org.testng.SuiteRunnerWorker.runSuite(SuiteRunnerWorker.java:52)
	at org.testng.SuiteRunnerWorker.run(SuiteRunnerWorker.java:86)
	at org.testng.TestNG.runSuitesSequentially(TestNG.java:1244)
	at org.testng.TestNG.runSuitesLocally(TestNG.java:1169)
	at org.testng.TestNG.run(TestNG.java:1064)
	at org.testng.remote.AbstractRemoteTestNG.run(AbstractRemoteTestNG.java:114)
	at org.testng.remote.RemoteTestNG.initAndRun(RemoteTestNG.java:251)
	at org.testng.remote.RemoteTestNG.main(RemoteTestNG.java:77)
]]>
            </full-stacktrace>
          </exception> <!-- org.testng.SkipException -->
          <reporter-output>
          </reporter-output>
        </test-method> <!-- ExecuteTest -->
        <test-method status="PASS" signature="TestResults(org.testng.ITestResult)[pri:0, instance:com.testcases.driverscripts.Execute_MainScript@cd2dae5]" name="TestResults" is-config="true" duration-ms="0" started-at="2019-11-21T19:44:47Z" finished-at="2019-11-21T19:44:47Z">
          <params>
            <param index="0">
              <value>
                <![CDATA[[TestResult name=ExecuteTest status=SKIP method=Execute_MainScript.ExecuteTest(java.lang.String, java.lang.String, java.lang.String, java.lang.String, java.lang.String, java.lang.String)[pri:1, instance:com.testcases.driverscripts.Execute_MainScript@cd2dae5] output={null}]]]>
              </value>
            </param>
          </params>
          <reporter-output>
          </reporter-output>
        </test-method> <!-- TestResults -->
        <test-method status="SKIP" signature="ExecuteTest(java.lang.String, java.lang.String, java.lang.String, java.lang.String, java.lang.String, java.lang.String)[pri:1, instance:com.testcases.driverscripts.Execute_MainScript@cd2dae5]" name="ExecuteTest" duration-ms="28" started-at="2019-11-21T19:44:47Z" data-provider="Fetch_Master_data" finished-at="2019-11-21T19:44:47Z">
          <params>
            <param index="0">
              <value>
                <![CDATA[ALL_PAGES]]>
              </value>
            </param>
            <param index="1">
              <value>
                <![CDATA[END_TO_END]]>
              </value>
            </param>
            <param index="2">
              <value>
                <![CDATA[TC17_Verify_CheckOut_SplitPayment]]>
              </value>
            </param>
            <param index="3">
              <value>
                <![CDATA[Verify Checkout with Split Payment (CC & GC)]]>
              </value>
            </param>
            <param index="4">
              <value>
                <![CDATA[No]]>
              </value>
            </param>
            <param index="5">
              <value>
                <![CDATA[High]]>
              </value>
            </param>
          </params>
          <exception class="org.testng.SkipException">
            <message>
              <![CDATA[TC17_Verify_CheckOut_SplitPayment has been skipped..]]>
            </message>
            <full-stacktrace>
              <![CDATA[org.testng.SkipException: TC17_Verify_CheckOut_SplitPayment has been skipped..
	at com.testcases.driverscripts.Execute_MainScript.ExecuteTest(Execute_MainScript.java:311)
	at sun.reflect.GeneratedMethodAccessor7.invoke(Unknown Source)
	at sun.reflect.DelegatingMethodAccessorImpl.invoke(Unknown Source)
	at java.lang.reflect.Method.invoke(Unknown Source)
	at org.testng.internal.MethodInvocationHelper.invokeMethod(MethodInvocationHelper.java:86)
	at org.testng.internal.Invoker.invokeMethod(Invoker.java:643)
	at org.testng.internal.Invoker.invokeTestMethod(Invoker.java:820)
	at org.testng.internal.Invoker.invokeTestMethods(Invoker.java:1128)
	at org.testng.internal.TestMethodWorker.invokeTestMethods(TestMethodWorker.java:129)
	at org.testng.internal.TestMethodWorker.run(TestMethodWorker.java:112)
	at org.testng.TestRunner.privateRun(TestRunner.java:782)
	at org.testng.TestRunner.run(TestRunner.java:632)
	at org.testng.SuiteRunner.runTest(SuiteRunner.java:366)
	at org.testng.SuiteRunner.runSequentially(SuiteRunner.java:361)
	at org.testng.SuiteRunner.privateRun(SuiteRunner.java:319)
	at org.testng.SuiteRunner.run(SuiteRunner.java:268)
	at org.testng.SuiteRunnerWorker.runSuite(SuiteRunnerWorker.java:52)
	at org.testng.SuiteRunnerWorker.run(SuiteRunnerWorker.java:86)
	at org.testng.TestNG.runSuitesSequentially(TestNG.java:1244)
	at org.testng.TestNG.runSuitesLocally(TestNG.java:1169)
	at org.testng.TestNG.run(TestNG.java:1064)
	at org.testng.remote.AbstractRemoteTestNG.run(AbstractRemoteTestNG.java:114)
	at org.testng.remote.RemoteTestNG.initAndRun(RemoteTestNG.java:251)
	at org.testng.remote.RemoteTestNG.main(RemoteTestNG.java:77)
]]>
            </full-stacktrace>
          </exception> <!-- org.testng.SkipException -->
          <reporter-output>
          </reporter-output>
        </test-method> <!-- ExecuteTest -->
        <test-method status="PASS" signature="TestResults(org.testng.ITestResult)[pri:0, instance:com.testcases.driverscripts.Execute_MainScript@cd2dae5]" name="TestResults" is-config="true" duration-ms="0" started-at="2019-11-21T19:44:47Z" finished-at="2019-11-21T19:44:47Z">
          <params>
            <param index="0">
              <value>
                <![CDATA[[TestResult name=ExecuteTest status=SKIP method=Execute_MainScript.ExecuteTest(java.lang.String, java.lang.String, java.lang.String, java.lang.String, java.lang.String, java.lang.String)[pri:1, instance:com.testcases.driverscripts.Execute_MainScript@cd2dae5] output={null}]]]>
              </value>
            </param>
          </params>
          <reporter-output>
          </reporter-output>
        </test-method> <!-- TestResults -->
        <test-method status="SKIP" signature="ExecuteTest(java.lang.String, java.lang.String, java.lang.String, java.lang.String, java.lang.String, java.lang.String)[pri:1, instance:com.testcases.driverscripts.Execute_MainScript@cd2dae5]" name="ExecuteTest" duration-ms="20" started-at="2019-11-21T19:44:47Z" data-provider="Fetch_Master_data" finished-at="2019-11-21T19:44:47Z">
          <params>
            <param index="0">
              <value>
                <![CDATA[ALL_PAGES]]>
              </value>
            </param>
            <param index="1">
              <value>
                <![CDATA[END_TO_END]]>
              </value>
            </param>
            <param index="2">
              <value>
                <![CDATA[TC18_Verify_CheckOut_PickUp_InStore_AND_ShipTo]]>
              </value>
            </param>
            <param index="3">
              <value>
                <![CDATA[Verify Checkout using Ship to & Pick up in store Method]]>
              </value>
            </param>
            <param index="4">
              <value>
                <![CDATA[No]]>
              </value>
            </param>
            <param index="5">
              <value>
                <![CDATA[High]]>
              </value>
            </param>
          </params>
          <exception class="org.testng.SkipException">
            <message>
              <![CDATA[TC18_Verify_CheckOut_PickUp_InStore_AND_ShipTo has been skipped..]]>
            </message>
            <full-stacktrace>
              <![CDATA[org.testng.SkipException: TC18_Verify_CheckOut_PickUp_InStore_AND_ShipTo has been skipped..
	at com.testcases.driverscripts.Execute_MainScript.ExecuteTest(Execute_MainScript.java:311)
	at sun.reflect.GeneratedMethodAccessor7.invoke(Unknown Source)
	at sun.reflect.DelegatingMethodAccessorImpl.invoke(Unknown Source)
	at java.lang.reflect.Method.invoke(Unknown Source)
	at org.testng.internal.MethodInvocationHelper.invokeMethod(MethodInvocationHelper.java:86)
	at org.testng.internal.Invoker.invokeMethod(Invoker.java:643)
	at org.testng.internal.Invoker.invokeTestMethod(Invoker.java:820)
	at org.testng.internal.Invoker.invokeTestMethods(Invoker.java:1128)
	at org.testng.internal.TestMethodWorker.invokeTestMethods(TestMethodWorker.java:129)
	at org.testng.internal.TestMethodWorker.run(TestMethodWorker.java:112)
	at org.testng.TestRunner.privateRun(TestRunner.java:782)
	at org.testng.TestRunner.run(TestRunner.java:632)
	at org.testng.SuiteRunner.runTest(SuiteRunner.java:366)
	at org.testng.SuiteRunner.runSequentially(SuiteRunner.java:361)
	at org.testng.SuiteRunner.privateRun(SuiteRunner.java:319)
	at org.testng.SuiteRunner.run(SuiteRunner.java:268)
	at org.testng.SuiteRunnerWorker.runSuite(SuiteRunnerWorker.java:52)
	at org.testng.SuiteRunnerWorker.run(SuiteRunnerWorker.java:86)
	at org.testng.TestNG.runSuitesSequentially(TestNG.java:1244)
	at org.testng.TestNG.runSuitesLocally(TestNG.java:1169)
	at org.testng.TestNG.run(TestNG.java:1064)
	at org.testng.remote.AbstractRemoteTestNG.run(AbstractRemoteTestNG.java:114)
	at org.testng.remote.RemoteTestNG.initAndRun(RemoteTestNG.java:251)
	at org.testng.remote.RemoteTestNG.main(RemoteTestNG.java:77)
]]>
            </full-stacktrace>
          </exception> <!-- org.testng.SkipException -->
          <reporter-output>
          </reporter-output>
        </test-method> <!-- ExecuteTest -->
        <test-method status="PASS" signature="TestResults(org.testng.ITestResult)[pri:0, instance:com.testcases.driverscripts.Execute_MainScript@cd2dae5]" name="TestResults" is-config="true" duration-ms="0" started-at="2019-11-21T19:44:47Z" finished-at="2019-11-21T19:44:47Z">
          <params>
            <param index="0">
              <value>
                <![CDATA[[TestResult name=ExecuteTest status=SKIP method=Execute_MainScript.ExecuteTest(java.lang.String, java.lang.String, java.lang.String, java.lang.String, java.lang.String, java.lang.String)[pri:1, instance:com.testcases.driverscripts.Execute_MainScript@cd2dae5] output={null}]]]>
              </value>
            </param>
          </params>
          <reporter-output>
          </reporter-output>
        </test-method> <!-- TestResults -->
        <test-method status="SKIP" signature="ExecuteTest(java.lang.String, java.lang.String, java.lang.String, java.lang.String, java.lang.String, java.lang.String)[pri:1, instance:com.testcases.driverscripts.Execute_MainScript@cd2dae5]" name="ExecuteTest" duration-ms="18" started-at="2019-11-21T19:44:47Z" data-provider="Fetch_Master_data" finished-at="2019-11-21T19:44:47Z">
          <params>
            <param index="0">
              <value>
                <![CDATA[ALL_PAGES]]>
              </value>
            </param>
            <param index="1">
              <value>
                <![CDATA[END_TO_END]]>
              </value>
            </param>
            <param index="2">
              <value>
                <![CDATA[TC19_Verify_Giftcard_SCS_Site]]>
              </value>
            </param>
            <param index="3">
              <value>
                <![CDATA[Verify Checkout Giftcard site(http://129.213.54.196:8002/scs/gift-card)]]>
              </value>
            </param>
            <param index="4">
              <value>
                <![CDATA[No]]>
              </value>
            </param>
            <param index="5">
              <value>
                <![CDATA[High]]>
              </value>
            </param>
          </params>
          <exception class="org.testng.SkipException">
            <message>
              <![CDATA[TC19_Verify_Giftcard_SCS_Site has been skipped..]]>
            </message>
            <full-stacktrace>
              <![CDATA[org.testng.SkipException: TC19_Verify_Giftcard_SCS_Site has been skipped..
	at com.testcases.driverscripts.Execute_MainScript.ExecuteTest(Execute_MainScript.java:311)
	at sun.reflect.GeneratedMethodAccessor7.invoke(Unknown Source)
	at sun.reflect.DelegatingMethodAccessorImpl.invoke(Unknown Source)
	at java.lang.reflect.Method.invoke(Unknown Source)
	at org.testng.internal.MethodInvocationHelper.invokeMethod(MethodInvocationHelper.java:86)
	at org.testng.internal.Invoker.invokeMethod(Invoker.java:643)
	at org.testng.internal.Invoker.invokeTestMethod(Invoker.java:820)
	at org.testng.internal.Invoker.invokeTestMethods(Invoker.java:1128)
	at org.testng.internal.TestMethodWorker.invokeTestMethods(TestMethodWorker.java:129)
	at org.testng.internal.TestMethodWorker.run(TestMethodWorker.java:112)
	at org.testng.TestRunner.privateRun(TestRunner.java:782)
	at org.testng.TestRunner.run(TestRunner.java:632)
	at org.testng.SuiteRunner.runTest(SuiteRunner.java:366)
	at org.testng.SuiteRunner.runSequentially(SuiteRunner.java:361)
	at org.testng.SuiteRunner.privateRun(SuiteRunner.java:319)
	at org.testng.SuiteRunner.run(SuiteRunner.java:268)
	at org.testng.SuiteRunnerWorker.runSuite(SuiteRunnerWorker.java:52)
	at org.testng.SuiteRunnerWorker.run(SuiteRunnerWorker.java:86)
	at org.testng.TestNG.runSuitesSequentially(TestNG.java:1244)
	at org.testng.TestNG.runSuitesLocally(TestNG.java:1169)
	at org.testng.TestNG.run(TestNG.java:1064)
	at org.testng.remote.AbstractRemoteTestNG.run(AbstractRemoteTestNG.java:114)
	at org.testng.remote.RemoteTestNG.initAndRun(RemoteTestNG.java:251)
	at org.testng.remote.RemoteTestNG.main(RemoteTestNG.java:77)
]]>
            </full-stacktrace>
          </exception> <!-- org.testng.SkipException -->
          <reporter-output>
          </reporter-output>
        </test-method> <!-- ExecuteTest -->
        <test-method status="PASS" signature="TestResults(org.testng.ITestResult)[pri:0, instance:com.testcases.driverscripts.Execute_MainScript@cd2dae5]" name="TestResults" is-config="true" duration-ms="0" started-at="2019-11-21T19:44:47Z" finished-at="2019-11-21T19:44:47Z">
          <params>
            <param index="0">
              <value>
                <![CDATA[[TestResult name=ExecuteTest status=SKIP method=Execute_MainScript.ExecuteTest(java.lang.String, java.lang.String, java.lang.String, java.lang.String, java.lang.String, java.lang.String)[pri:1, instance:com.testcases.driverscripts.Execute_MainScript@cd2dae5] output={null}]]]>
              </value>
            </param>
          </params>
          <reporter-output>
          </reporter-output>
        </test-method> <!-- TestResults -->
        <test-method status="PASS" signature="close()[pri:0, instance:com.testcases.driverscripts.Execute_MainScript@cd2dae5]" name="close" is-config="true" duration-ms="450" started-at="2019-11-21T19:44:47Z" finished-at="2019-11-21T19:44:47Z">
          <reporter-output>
          </reporter-output>
        </test-method> <!-- close -->
        <test-method status="PASS" signature="closebrowser(java.lang.String)[pri:0, instance:com.testcases.driverscripts.Execute_MainScript@cd2dae5]" name="closebrowser" is-config="true" duration-ms="199" started-at="2019-11-21T19:44:47Z" finished-at="2019-11-21T19:44:48Z">
          <params>
            <param index="0">
              <value>
                <![CDATA[chrome]]>
              </value>
            </param>
          </params>
          <reporter-output>
          </reporter-output>
        </test-method> <!-- closebrowser -->
      </class> <!-- com.testcases.driverscripts.Execute_MainScript -->
    </test> <!-- Chrome_test -->
  </suite> <!-- Suite -->
</testng-results>
